#
# There is insufficient memory for the Java Runtime Environment to continue.
# Native memory allocation (malloc) failed to allocate 1906800 bytes for Chunk::new
# Possible reasons:
#   The system is out of physical RAM or swap space
#   The process is running with CompressedOops enabled, and the Java Heap may be blocking the growth of the native heap
# Possible solutions:
#   Reduce memory load on the system
#   Increase physical memory or swap space
#   Check if swap backing store is full
#   Decrease Java heap size (-Xmx/-Xms)
#   Decrease number of Java threads
#   Decrease Java thread stack sizes (-Xss)
#   Set larger code cache with -XX:ReservedCodeCacheSize=
#   JVM is running with Unscaled Compressed Oops mode in which the Java heap is
#     placed in the first 4GB address space. The Java Heap base address is the
#     maximum limit for the native heap growth. Please use -XX:HeapBaseMinAddress
#     to set the Java Heap base and to place the Java Heap above 4GB virtual address.
# This output file may be truncated or incomplete.
#
#  Out of Memory Error (arena.cpp:189), pid=20356, tid=5592
#
# JRE version: Java(TM) SE Runtime Environment (17.0.5+9) (build 17.0.5+9-LTS-191)
# Java VM: Java HotSpot(TM) 64-Bit Server VM (17.0.5+9-LTS-191, mixed mode, sharing, tiered, compressed oops, compressed class ptrs, g1 gc, windows-amd64)
# No core dump will be written. Minidumps are not enabled by default on client versions of Windows
#

---------------  S U M M A R Y ------------

Command Line: --add-opens=java.base/java.util=ALL-UNNAMED --add-opens=java.base/java.lang=ALL-UNNAMED --add-opens=java.base/java.lang.invoke=ALL-UNNAMED --add-opens=java.prefs/java.util.prefs=ALL-UNNAMED --add-opens=java.base/java.nio.charset=ALL-UNNAMED --add-opens=java.base/java.net=ALL-UNNAMED --add-opens=java.base/java.util.concurrent.atomic=ALL-UNNAMED -XX:MaxMetaspaceSize=384m -XX:+HeapDumpOnOutOfMemoryError -Xms256m -Xmx512m -Dfile.encoding=windows-1251 -Duser.country=US -Duser.language=en -Duser.variant -javaagent:C:\Users\Georgi Shane\.gradle\wrapper\dists\gradle-8.3-bin\dxjbbhstwasg8cbags9q7cvli\gradle-8.3\lib\agents\gradle-instrumentation-agent-8.3.jar org.gradle.launcher.daemon.bootstrap.GradleDaemon 8.3

Host: Intel(R) Core(TM) i7-10870H CPU @ 2.20GHz, 16 cores, 15G,  Windows 10 , 64 bit Build 19041 (10.0.19041.3636)
Time: Thu Jan 18 16:30:57 2024 GTB Standard Time elapsed time: 8.781701 seconds (0d 0h 0m 8s)

---------------  T H R E A D  ---------------

Current thread (0x000002377dbed2c0):  JavaThread "C2 CompilerThread0" daemon [_thread_in_native, id=5592, stack(0x0000007818d00000,0x0000007818e00000)]


Current CompileTask:
C2:   8781 8438       4       com.sun.beans.TypeResolver::resolve (37 bytes)

Stack: [0x0000007818d00000,0x0000007818e00000]
Native frames: (J=compiled Java code, j=interpreted, Vv=VM code, C=native code)
V  [jvm.dll+0x672eea]
V  [jvm.dll+0x7d2a04]
V  [jvm.dll+0x7d41ae]
V  [jvm.dll+0x7d4813]
V  [jvm.dll+0x242c15]
V  [jvm.dll+0xaa57b]
V  [jvm.dll+0xaab0c]
V  [jvm.dll+0x35ff97]
V  [jvm.dll+0x1b9902]
V  [jvm.dll+0x215e19]
V  [jvm.dll+0x2150e1]
V  [jvm.dll+0x1a18ed]
V  [jvm.dll+0x22493a]
V  [jvm.dll+0x222aa5]
V  [jvm.dll+0x7885db]
V  [jvm.dll+0x782b4a]
V  [jvm.dll+0x671d75]
C  [ucrtbase.dll+0x21bb2]
C  [KERNEL32.DLL+0x17344]
C  [ntdll.dll+0x526b1]


---------------  P R O C E S S  ---------------

Threads class SMR info:
_java_thread_list=0x00000237075c18d0, length=94, elements={
0x0000023762857d80, 0x000002377dbc8c30, 0x000002377dbca150, 0x000002377dbe4c30,
0x000002377dbe55f0, 0x000002377dbe7ec0, 0x000002377dbe8f20, 0x000002377dbed2c0,
0x000002377dbf3d20, 0x000002377dc02260, 0x000002377e8d1b70, 0x000002377e8d7cf0,
0x000002377e8e81e0, 0x000002377e9b3690, 0x000002370034a720, 0x0000023700aecd60,
0x0000023700943950, 0x00000237005a8850, 0x0000023700395400, 0x00000237017010b0,
0x0000023700c74450, 0x0000023700c74d30, 0x000002370078fd80, 0x0000023700790250,
0x0000023700791f30, 0x0000023700791a60, 0x000002370078f8b0, 0x0000023700792400,
0x0000023700790bf0, 0x0000023700791590, 0x000002370078ea40, 0x0000023700790720,
0x000002370078f3e0, 0x00000237007910c0, 0x0000023701ace410, 0x0000023701ad0f60,
0x0000023701ace8e0, 0x0000023701acedb0, 0x0000023701acf750, 0x0000023701accc00,
0x0000023701acfc20, 0x0000023701ad1430, 0x0000023701acb8c0, 0x0000023701ad00f0,
0x0000023701acda70, 0x0000023701acbd90, 0x0000023701ad05c0, 0x0000023701ad1dd0,
0x0000023701ad0a90, 0x0000023701ad22a0, 0x0000023701acaa50, 0x0000023701acc260,
0x0000023705e9bb10, 0x0000023705e9bfe0, 0x0000023702812f50, 0x0000023702813460,
0x0000023705e9b640, 0x0000023705e972e0, 0x0000023705e9c4b0, 0x0000023705e977b0,
0x0000023705e98150, 0x0000023705e97c80, 0x0000023705e95fa0, 0x0000023705e94c60,
0x0000023705e9a7d0, 0x0000023705e95130, 0x0000023705e98620, 0x0000023705e95600,
0x0000023705e98af0, 0x0000023705e98fc0, 0x0000023705e99960, 0x0000023705e95ad0,
0x0000023705e9b170, 0x0000023705e96e10, 0x0000023705e96470, 0x0000023705e96940,
0x0000023703f2ce80, 0x0000023703f2e690, 0x0000023703f31b80, 0x0000023703f316b0,
0x0000023703f30370, 0x0000023703f2b670, 0x0000023703f2f030, 0x0000023703f2acd0,
0x0000023703f32050, 0x0000023703f2d820, 0x0000023703f2b1a0, 0x0000023703f2d350,
0x0000023703f2c9b0, 0x0000023702811600, 0x0000023702813e80, 0x0000023702811b10,
0x000002370144a080, 0x000002370144afb0
}

Java Threads: ( => current thread )
  0x0000023762857d80 JavaThread "main" [_thread_blocked, id=10696, stack(0x0000007818000000,0x0000007818100000)]
  0x000002377dbc8c30 JavaThread "Reference Handler" daemon [_thread_blocked, id=6164, stack(0x0000007818700000,0x0000007818800000)]
  0x000002377dbca150 JavaThread "Finalizer" daemon [_thread_blocked, id=23892, stack(0x0000007818800000,0x0000007818900000)]
  0x000002377dbe4c30 JavaThread "Signal Dispatcher" daemon [_thread_blocked, id=22680, stack(0x0000007818900000,0x0000007818a00000)]
  0x000002377dbe55f0 JavaThread "Attach Listener" daemon [_thread_blocked, id=14000, stack(0x0000007818a00000,0x0000007818b00000)]
  0x000002377dbe7ec0 JavaThread "Service Thread" daemon [_thread_blocked, id=8624, stack(0x0000007818b00000,0x0000007818c00000)]
  0x000002377dbe8f20 JavaThread "Monitor Deflation Thread" daemon [_thread_blocked, id=15464, stack(0x0000007818c00000,0x0000007818d00000)]
=>0x000002377dbed2c0 JavaThread "C2 CompilerThread0" daemon [_thread_in_native, id=5592, stack(0x0000007818d00000,0x0000007818e00000)]
  0x000002377dbf3d20 JavaThread "C1 CompilerThread0" daemon [_thread_blocked, id=9652, stack(0x0000007818e00000,0x0000007818f00000)]
  0x000002377dc02260 JavaThread "Sweeper thread" daemon [_thread_blocked, id=14680, stack(0x0000007818f00000,0x0000007819000000)]
  0x000002377e8d1b70 JavaThread "Common-Cleaner" daemon [_thread_blocked, id=23036, stack(0x0000007819000000,0x0000007819100000)]
  0x000002377e8d7cf0 JavaThread "C1 CompilerThread1" daemon [_thread_blocked, id=10788, stack(0x0000007819100000,0x0000007819200000)]
  0x000002377e8e81e0 JavaThread "C1 CompilerThread2" daemon [_thread_blocked, id=18048, stack(0x0000007819200000,0x0000007819300000)]
  0x000002377e9b3690 JavaThread "Notification Thread" daemon [_thread_blocked, id=23616, stack(0x0000007819400000,0x0000007819500000)]
  0x000002370034a720 JavaThread "C1 CompilerThread3" daemon [_thread_blocked, id=20964, stack(0x0000007819700000,0x0000007819800000)]
  0x0000023700aecd60 JavaThread "Daemon health stats" [_thread_blocked, id=2684, stack(0x0000007819e00000,0x0000007819f00000)]
  0x0000023700943950 JavaThread "Incoming local TCP Connector on port 61314" [_thread_in_native, id=16352, stack(0x0000007819f00000,0x000000781a000000)]
  0x00000237005a8850 JavaThread "Daemon periodic checks" [_thread_blocked, id=19288, stack(0x000000781a000000,0x000000781a100000)]
  0x0000023700395400 JavaThread "Daemon" [_thread_blocked, id=9416, stack(0x000000781a100000,0x000000781a200000)]
  0x00000237017010b0 JavaThread "Handler for socket connection from /127.0.0.1:61314 to /127.0.0.1:61315" [_thread_in_native, id=5444, stack(0x000000781a200000,0x000000781a300000)]
  0x0000023700c74450 JavaThread "Cancel handler" [_thread_blocked, id=4076, stack(0x000000781a300000,0x000000781a400000)]
  0x0000023700c74d30 JavaThread "Daemon worker" [_thread_in_vm, id=20508, stack(0x000000781a400000,0x000000781a500000)]
  0x000002370078fd80 JavaThread "Asynchronous log dispatcher for DefaultDaemonConnection: socket connection from /127.0.0.1:61314 to /127.0.0.1:61315" [_thread_blocked, id=24820, stack(0x000000781a500000,0x000000781a600000)]
  0x0000023700790250 JavaThread "Stdin handler" [_thread_blocked, id=20220, stack(0x000000781a600000,0x000000781a700000)]
  0x0000023700791f30 JavaThread "Daemon client event forwarder" [_thread_blocked, id=1756, stack(0x000000781a700000,0x000000781a800000)]
  0x0000023700791a60 JavaThread "Cache worker for journal cache (C:\Users\Georgi Shane\.gradle\caches\journal-1)" [_thread_blocked, id=5740, stack(0x000000781a800000,0x000000781a900000)]
  0x000002370078f8b0 JavaThread "File lock request listener" [_thread_in_native, id=10148, stack(0x000000781a900000,0x000000781aa00000)]
  0x0000023700792400 JavaThread "Cache worker for file hash cache (C:\Users\Georgi Shane\.gradle\caches\8.3\fileHashes)" [_thread_blocked, id=19624, stack(0x0000007819d00000,0x0000007819e00000)]
  0x0000023700790bf0 JavaThread "File watcher server" daemon [_thread_in_native, id=2552, stack(0x000000781aa00000,0x000000781ab00000)]
  0x0000023700791590 JavaThread "File watcher consumer" daemon [_thread_blocked, id=4580, stack(0x000000781ab00000,0x000000781ac00000)]
  0x000002370078ea40 JavaThread "jar transforms" [_thread_blocked, id=26148, stack(0x000000781b300000,0x000000781b400000)]
  0x0000023700790720 JavaThread "jar transforms Thread 2" [_thread_blocked, id=8308, stack(0x000000781b400000,0x000000781b500000)]
  0x000002370078f3e0 JavaThread "jar transforms Thread 3" [_thread_blocked, id=12672, stack(0x000000781b500000,0x000000781b600000)]
  0x00000237007910c0 JavaThread "jar transforms Thread 4" [_thread_blocked, id=5756, stack(0x000000781b600000,0x000000781b700000)]
  0x0000023701ace410 JavaThread "jar transforms Thread 5" [_thread_blocked, id=9056, stack(0x000000781b700000,0x000000781b800000)]
  0x0000023701ad0f60 JavaThread "jar transforms Thread 6" [_thread_blocked, id=12812, stack(0x000000781b800000,0x000000781b900000)]
  0x0000023701ace8e0 JavaThread "jar transforms Thread 7" [_thread_blocked, id=25508, stack(0x000000781b900000,0x000000781ba00000)]
  0x0000023701acedb0 JavaThread "jar transforms Thread 8" [_thread_blocked, id=25176, stack(0x000000781ba00000,0x000000781bb00000)]
  0x0000023701acf750 JavaThread "jar transforms Thread 9" [_thread_blocked, id=7332, stack(0x000000781bb00000,0x000000781bc00000)]
  0x0000023701accc00 JavaThread "jar transforms Thread 10" [_thread_blocked, id=3708, stack(0x000000781bc00000,0x000000781bd00000)]
  0x0000023701acfc20 JavaThread "jar transforms Thread 11" [_thread_blocked, id=24992, stack(0x000000781bd00000,0x000000781be00000)]
  0x0000023701ad1430 JavaThread "jar transforms Thread 12" [_thread_blocked, id=13036, stack(0x000000781be00000,0x000000781bf00000)]
  0x0000023701acb8c0 JavaThread "jar transforms Thread 13" [_thread_blocked, id=8800, stack(0x000000781bf00000,0x000000781c000000)]
  0x0000023701ad00f0 JavaThread "Cache worker for checksums cache (E:\Telerik Academy\Java Core\Arrays demos\Telerik-Alpha-Spring\.gradle\8.3\checksums)" [_thread_blocked, id=25144, stack(0x000000781c000000,0x000000781c100000)]
  0x0000023701acda70 JavaThread "Cache worker for file hash cache (E:\Telerik Academy\Java Core\Arrays demos\Telerik-Alpha-Spring\.gradle\8.3\fileHashes)" [_thread_blocked, id=25796, stack(0x000000781c300000,0x000000781c400000)]
  0x0000023701acbd90 JavaThread "Cache worker for cache directory md-supplier (C:\Users\Georgi Shane\.gradle\caches\8.3\md-supplier)" [_thread_blocked, id=21012, stack(0x000000781c400000,0x000000781c500000)]
  0x0000023701ad05c0 JavaThread "Cache worker for file content cache (C:\Users\Georgi Shane\.gradle\caches\8.3\fileContent)" [_thread_blocked, id=12640, stack(0x000000781c500000,0x000000781c600000)]
  0x0000023701ad1dd0 JavaThread "Cache worker for cache directory md-rule (C:\Users\Georgi Shane\.gradle\caches\8.3\md-rule)" [_thread_blocked, id=5536, stack(0x000000781c600000,0x000000781c700000)]
  0x0000023701ad0a90 JavaThread "Cache worker for execution history cache (C:\Users\Georgi Shane\.gradle\caches\8.3\executionHistory)" [_thread_blocked, id=23848, stack(0x000000781c700000,0x000000781c800000)]
  0x0000023701ad22a0 JavaThread "jar transforms Thread 14" [_thread_blocked, id=3276, stack(0x000000781c800000,0x000000781c900000)]
  0x0000023701acaa50 JavaThread "jar transforms Thread 15" [_thread_blocked, id=3684, stack(0x000000781c900000,0x000000781ca00000)]
  0x0000023701acc260 JavaThread "jar transforms Thread 16" [_thread_blocked, id=6848, stack(0x000000781cb00000,0x000000781cc00000)]
  0x0000023705e9bb10 JavaThread "Cache worker for dependencies-accessors (E:\Telerik Academy\Java Core\Arrays demos\Telerik-Alpha-Spring\.gradle\8.3\dependencies-accessors)" [_thread_blocked, id=26152, stack(0x000000781d000000,0x000000781d100000)]
  0x0000023705e9bfe0 JavaThread "Cache worker for Build Output Cleanup Cache (E:\Telerik Academy\Java Core\Arrays demos\Telerik-Alpha-Spring\.gradle\buildOutputCleanup)" [_thread_blocked, id=14936, stack(0x0000007819300000,0x0000007819400000)]
  0x0000023702812f50 JavaThread "C2 CompilerThread1" daemon [_thread_in_native, id=6472, stack(0x0000007819600000,0x0000007819700000)]
  0x0000023702813460 JavaThread "C2 CompilerThread2" daemon [_thread_in_native, id=14372, stack(0x000000781ca00000,0x000000781cb00000)]
  0x0000023705e9b640 JavaThread "Unconstrained build operations" [_thread_blocked, id=23668, stack(0x000000781cd00000,0x000000781ce00000)]
  0x0000023705e972e0 JavaThread "Unconstrained build operations Thread 2" [_thread_blocked, id=15560, stack(0x000000781cf00000,0x000000781d000000)]
  0x0000023705e9c4b0 JavaThread "Unconstrained build operations Thread 3" [_thread_blocked, id=8220, stack(0x000000781d100000,0x000000781d200000)]
  0x0000023705e977b0 JavaThread "Unconstrained build operations Thread 4" [_thread_blocked, id=24904, stack(0x000000781d200000,0x000000781d300000)]
  0x0000023705e98150 JavaThread "Unconstrained build operations Thread 5" [_thread_blocked, id=21120, stack(0x000000781d300000,0x000000781d400000)]
  0x0000023705e97c80 JavaThread "Unconstrained build operations Thread 6" [_thread_blocked, id=25088, stack(0x000000781d400000,0x000000781d500000)]
  0x0000023705e95fa0 JavaThread "Unconstrained build operations Thread 7" [_thread_blocked, id=24732, stack(0x000000781d500000,0x000000781d600000)]
  0x0000023705e94c60 JavaThread "Unconstrained build operations Thread 8" [_thread_blocked, id=10236, stack(0x000000781d600000,0x000000781d700000)]
  0x0000023705e9a7d0 JavaThread "Unconstrained build operations Thread 9" [_thread_blocked, id=24728, stack(0x000000781d700000,0x000000781d800000)]
  0x0000023705e95130 JavaThread "Unconstrained build operations Thread 10" [_thread_blocked, id=2004, stack(0x000000781d800000,0x000000781d900000)]
  0x0000023705e98620 JavaThread "Unconstrained build operations Thread 11" [_thread_blocked, id=21716, stack(0x000000781d900000,0x000000781da00000)]
  0x0000023705e95600 JavaThread "Unconstrained build operations Thread 12" [_thread_blocked, id=5856, stack(0x000000781da00000,0x000000781db00000)]
  0x0000023705e98af0 JavaThread "Unconstrained build operations Thread 13" [_thread_blocked, id=9680, stack(0x000000781db00000,0x000000781dc00000)]
  0x0000023705e98fc0 JavaThread "Unconstrained build operations Thread 14" [_thread_blocked, id=14716, stack(0x000000781dc00000,0x000000781dd00000)]
  0x0000023705e99960 JavaThread "Unconstrained build operations Thread 15" [_thread_blocked, id=23516, stack(0x000000781dd00000,0x000000781de00000)]
  0x0000023705e95ad0 JavaThread "Memory manager" [_thread_blocked, id=1340, stack(0x000000781de00000,0x000000781df00000)]
  0x0000023705e9b170 JavaThread "included builds" [_thread_blocked, id=10964, stack(0x000000781df00000,0x000000781e000000)]
  0x0000023705e96e10 JavaThread "Execution worker" [_thread_blocked, id=24016, stack(0x000000781e000000,0x000000781e100000)]
  0x0000023705e96470 JavaThread "Execution worker Thread 2" [_thread_blocked, id=20932, stack(0x000000781e100000,0x000000781e200000)]
  0x0000023705e96940 JavaThread "Execution worker Thread 3" [_thread_blocked, id=25536, stack(0x000000781e200000,0x000000781e300000)]
  0x0000023703f2ce80 JavaThread "Execution worker Thread 4" [_thread_blocked, id=14288, stack(0x000000781e300000,0x000000781e400000)]
  0x0000023703f2e690 JavaThread "Execution worker Thread 5" [_thread_blocked, id=9872, stack(0x000000781e400000,0x000000781e500000)]
  0x0000023703f31b80 JavaThread "Execution worker Thread 6" [_thread_blocked, id=19280, stack(0x000000781e500000,0x000000781e600000)]
  0x0000023703f316b0 JavaThread "Execution worker Thread 7" [_thread_blocked, id=26284, stack(0x000000781e600000,0x000000781e700000)]
  0x0000023703f30370 JavaThread "Execution worker Thread 8" [_thread_blocked, id=1248, stack(0x000000781e700000,0x000000781e800000)]
  0x0000023703f2b670 JavaThread "Execution worker Thread 9" [_thread_blocked, id=23032, stack(0x000000781e800000,0x000000781e900000)]
  0x0000023703f2f030 JavaThread "Execution worker Thread 10" [_thread_blocked, id=22224, stack(0x000000781e900000,0x000000781ea00000)]
  0x0000023703f2acd0 JavaThread "Execution worker Thread 11" [_thread_blocked, id=1920, stack(0x000000781ea00000,0x000000781eb00000)]
  0x0000023703f32050 JavaThread "Execution worker Thread 12" [_thread_blocked, id=24664, stack(0x000000781eb00000,0x000000781ec00000)]
  0x0000023703f2d820 JavaThread "Execution worker Thread 13" [_thread_blocked, id=22124, stack(0x000000781ec00000,0x000000781ed00000)]
  0x0000023703f2b1a0 JavaThread "Execution worker Thread 14" [_thread_blocked, id=14976, stack(0x000000781ed00000,0x000000781ee00000)]
  0x0000023703f2d350 JavaThread "Execution worker Thread 15" [_thread_blocked, id=16236, stack(0x000000781ee00000,0x000000781ef00000)]
  0x0000023703f2c9b0 JavaThread "Cache worker for execution history cache (E:\Telerik Academy\Java Core\Arrays demos\Telerik-Alpha-Spring\.gradle\8.3\executionHistory)" [_thread_blocked, id=14744, stack(0x000000781ef00000,0x000000781f000000)]
  0x0000023702811600 JavaThread "C2 CompilerThread3" daemon [_thread_in_vm, id=16268, stack(0x000000781f000000,0x000000781f100000)]
  0x0000023702813e80 JavaThread "C2 CompilerThread4" daemon [_thread_in_native, id=6516, stack(0x000000781f100000,0x000000781f200000)]
  0x0000023702811b10 JavaThread "C2 CompilerThread5" daemon [_thread_in_native, id=5068, stack(0x000000781f200000,0x000000781f300000)]
  0x000002370144a080 JavaThread "C2 CompilerThread6" daemon [_thread_in_native, id=18408, stack(0x000000781f300000,0x000000781f400000)]
  0x000002370144afb0 JavaThread "C2 CompilerThread7" daemon [_thread_in_native, id=19356, stack(0x000000781f400000,0x000000781f500000)]

Other Threads:
  0x000002377dbc4990 VMThread "VM Thread" [stack: 0x0000007818600000,0x0000007818700000] [id=3896]
  0x000002377e9b3b60 WatcherThread [stack: 0x0000007819500000,0x0000007819600000] [id=24924]
  0x0000023762888af0 GCTaskThread "GC Thread#0" [stack: 0x0000007818100000,0x0000007818200000] [id=26608]
  0x00000237005f2d00 GCTaskThread "GC Thread#1" [stack: 0x0000007819800000,0x0000007819900000] [id=11160]
  0x00000237003baa00 GCTaskThread "GC Thread#2" [stack: 0x0000007819900000,0x0000007819a00000] [id=2920]
  0x000002377ebf4180 GCTaskThread "GC Thread#3" [stack: 0x0000007819a00000,0x0000007819b00000] [id=22396]
  0x00000237004f2610 GCTaskThread "GC Thread#4" [stack: 0x0000007819b00000,0x0000007819c00000] [id=12340]
  0x00000237004f2c90 GCTaskThread "GC Thread#5" [stack: 0x0000007819c00000,0x0000007819d00000] [id=17320]
  0x0000023704421680 GCTaskThread "GC Thread#6" [stack: 0x000000781ac00000,0x000000781ad00000] [id=21916]
  0x0000023704422950 GCTaskThread "GC Thread#7" [stack: 0x000000781ad00000,0x000000781ae00000] [id=10156]
  0x0000023704423160 GCTaskThread "GC Thread#8" [stack: 0x000000781ae00000,0x000000781af00000] [id=24196]
  0x00000237044223f0 GCTaskThread "GC Thread#9" [stack: 0x000000781af00000,0x000000781b000000] [id=22620]
  0x0000023704421e90 GCTaskThread "GC Thread#10" [stack: 0x000000781b000000,0x000000781b100000] [id=20288]
  0x0000023704422eb0 GCTaskThread "GC Thread#11" [stack: 0x000000781b100000,0x000000781b200000] [id=15300]
  0x0000023704422140 GCTaskThread "GC Thread#12" [stack: 0x000000781b200000,0x000000781b300000] [id=21528]
  0x000002376288e950 ConcurrentGCThread "G1 Main Marker" [stack: 0x0000007818200000,0x0000007818300000] [id=25460]
  0x000002376288fa10 ConcurrentGCThread "G1 Conc#0" [stack: 0x0000007818300000,0x0000007818400000] [id=16048]
  0x00000237044226a0 ConcurrentGCThread "G1 Conc#1" [stack: 0x000000781c100000,0x000000781c200000] [id=20396]
  0x0000023704422c00 ConcurrentGCThread "G1 Conc#2" [stack: 0x000000781c200000,0x000000781c300000] [id=23896]
  0x000002376292d7e0 ConcurrentGCThread "G1 Refine#0" [stack: 0x0000007818400000,0x0000007818500000] [id=6088]
  0x0000023702754240 ConcurrentGCThread "G1 Refine#1" [stack: 0x000000781cc00000,0x000000781cd00000] [id=24760]
  0x0000023705a5b110 ConcurrentGCThread "G1 Refine#2" [stack: 0x000000781f500000,0x000000781f600000] [id=21056]
  0x0000023705a588d0 ConcurrentGCThread "G1 Refine#3" [stack: 0x000000781f600000,0x000000781f700000] [id=25940]
  0x0000023705a57a70 ConcurrentGCThread "G1 Refine#4" [stack: 0x000000781f700000,0x000000781f800000] [id=23392]
  0x0000023705a57d50 ConcurrentGCThread "G1 Refine#5" [stack: 0x000000781f800000,0x000000781f900000] [id=24260]
  0x000002376292e110 ConcurrentGCThread "G1 Service" [stack: 0x0000007818500000,0x0000007818600000] [id=21068]

Threads with active compile tasks:
C2 CompilerThread0     8802 8438       4       com.sun.beans.TypeResolver::resolve (37 bytes)
C2 CompilerThread1     8802 8595       4       sun.reflect.generics.visitor.Reifier::visitClassTypeSignature (381 bytes)
C2 CompilerThread2     8802 8550   !   4       java.lang.reflect.Executable::sharedToGenericString (255 bytes)
C2 CompilerThread3     8802 8600       4       java.lang.StringConcatHelper::simpleConcat (94 bytes)
C2 CompilerThread4     8802 8475       4       java.beans.Introspector::addMethod (196 bytes)
C2 CompilerThread5     8802 8516   !   4       com.sun.beans.TypeResolver::resolve (261 bytes)
C2 CompilerThread6     8802 8533       4       java.beans.MethodRef::set (58 bytes)
C2 CompilerThread7     8802 8597       4       groovy.lang.MetaClassImpl::inheritInterfaceNewMetaMethods (195 bytes)

VM state: not at safepoint (normal execution)

VM Mutex/Monitor currently owned by a thread: None

Heap address: 0x00000000e0000000, size: 512 MB, Compressed Oops mode: 32-bit

CDS archive(s) mapped at: [0x0000000800000000-0x0000000800bd0000-0x0000000800bd0000), size 12386304, SharedBaseAddress: 0x0000000800000000, ArchiveRelocationMode: 0.
Compressed class space mapped at: 0x0000000800c00000-0x0000000814000000, reserved size: 322961408
Narrow klass base: 0x0000000800000000, Narrow klass shift: 0, Narrow klass range: 0x100000000

GC Precious Log:
 CPUs: 16 total, 16 available
 Memory: 16168M
 Large Page Support: Disabled
 NUMA Support: Disabled
 Compressed Oops: Enabled (32-bit)
 Heap Region Size: 1M
 Heap Min Capacity: 256M
 Heap Initial Capacity: 256M
 Heap Max Capacity: 512M
 Pre-touch: Disabled
 Parallel Workers: 13
 Concurrent Workers: 3
 Concurrent Refinement Workers: 13
 Periodic GC: Disabled

Heap:
 garbage-first heap   total 262144K, used 107236K [0x00000000e0000000, 0x0000000100000000)
  region size 1024K, 37 young (37888K), 19 survivors (19456K)
 Metaspace       used 67862K, committed 68608K, reserved 380928K
  class space    used 9559K, committed 9920K, reserved 315392K

Heap Regions: E=young(eden), S=young(survivor), O=old, HS=humongous(starts), HC=humongous(continues), CS=collection set, F=free, OA=open archive, CA=closed archive, TAMS=top-at-mark-start (previous, next)
|   0|0x00000000e0000000, 0x00000000e0100000, 0x00000000e0100000|100%|HS|  |TAMS 0x00000000e0100000, 0x00000000e0000000| Complete 
|   1|0x00000000e0100000, 0x00000000e0200000, 0x00000000e0200000|100%|HC|  |TAMS 0x00000000e0200000, 0x00000000e0100000| Complete 
|   2|0x00000000e0200000, 0x00000000e0300000, 0x00000000e0300000|100%|HC|  |TAMS 0x00000000e0300000, 0x00000000e0200000| Complete 
|   3|0x00000000e0300000, 0x00000000e0400000, 0x00000000e0400000|100%|HC|  |TAMS 0x00000000e0400000, 0x00000000e0300000| Complete 
|   4|0x00000000e0400000, 0x00000000e0500000, 0x00000000e0500000|100%| O|  |TAMS 0x00000000e0500000, 0x00000000e0400000| Untracked 
|   5|0x00000000e0500000, 0x00000000e0600000, 0x00000000e0600000|100%| O|  |TAMS 0x00000000e0600000, 0x00000000e0500000| Untracked 
|   6|0x00000000e0600000, 0x00000000e0700000, 0x00000000e0700000|100%| O|  |TAMS 0x00000000e0700000, 0x00000000e0600000| Untracked 
|   7|0x00000000e0700000, 0x00000000e0800000, 0x00000000e0800000|100%| O|  |TAMS 0x00000000e0700000, 0x00000000e0700000| Untracked 
|   8|0x00000000e0800000, 0x00000000e0900000, 0x00000000e0900000|100%| O|  |TAMS 0x00000000e0900000, 0x00000000e0800000| Untracked 
|   9|0x00000000e0900000, 0x00000000e0a00000, 0x00000000e0a00000|100%| O|  |TAMS 0x00000000e0a00000, 0x00000000e0900000| Untracked 
|  10|0x00000000e0a00000, 0x00000000e0b00000, 0x00000000e0b00000|100%| O|  |TAMS 0x00000000e0b00000, 0x00000000e0a00000| Untracked 
|  11|0x00000000e0b00000, 0x00000000e0c00000, 0x00000000e0c00000|100%|HS|  |TAMS 0x00000000e0c00000, 0x00000000e0b00000| Complete 
|  12|0x00000000e0c00000, 0x00000000e0d00000, 0x00000000e0d00000|100%|HC|  |TAMS 0x00000000e0d00000, 0x00000000e0c00000| Complete 
|  13|0x00000000e0d00000, 0x00000000e0e00000, 0x00000000e0e00000|100%|HS|  |TAMS 0x00000000e0e00000, 0x00000000e0d00000| Complete 
|  14|0x00000000e0e00000, 0x00000000e0f00000, 0x00000000e0f00000|100%|HC|  |TAMS 0x00000000e0f00000, 0x00000000e0e00000| Complete 
|  15|0x00000000e0f00000, 0x00000000e1000000, 0x00000000e1000000|100%|HC|  |TAMS 0x00000000e1000000, 0x00000000e0f00000| Complete 
|  16|0x00000000e1000000, 0x00000000e1100000, 0x00000000e1100000|100%|HS|  |TAMS 0x00000000e1100000, 0x00000000e1000000| Complete 
|  17|0x00000000e1100000, 0x00000000e1200000, 0x00000000e1200000|100%|HC|  |TAMS 0x00000000e1200000, 0x00000000e1100000| Complete 
|  18|0x00000000e1200000, 0x00000000e1300000, 0x00000000e1300000|100%|HC|  |TAMS 0x00000000e1300000, 0x00000000e1200000| Complete 
|  19|0x00000000e1300000, 0x00000000e1400000, 0x00000000e1400000|100%|HS|  |TAMS 0x00000000e1400000, 0x00000000e1300000| Complete 
|  20|0x00000000e1400000, 0x00000000e1500000, 0x00000000e1500000|100%|HC|  |TAMS 0x00000000e1500000, 0x00000000e1400000| Complete 
|  21|0x00000000e1500000, 0x00000000e1600000, 0x00000000e1600000|100%|HC|  |TAMS 0x00000000e1600000, 0x00000000e1500000| Complete 
|  22|0x00000000e1600000, 0x00000000e1700000, 0x00000000e1700000|100%| O|  |TAMS 0x00000000e1700000, 0x00000000e1600000| Untracked 
|  23|0x00000000e1700000, 0x00000000e1800000, 0x00000000e1800000|100%| O|  |TAMS 0x00000000e1800000, 0x00000000e1700000| Untracked 
|  24|0x00000000e1800000, 0x00000000e1900000, 0x00000000e1900000|100%| O|  |TAMS 0x00000000e1900000, 0x00000000e1800000| Untracked 
|  25|0x00000000e1900000, 0x00000000e1a00000, 0x00000000e1a00000|100%| O|  |TAMS 0x00000000e1a00000, 0x00000000e1900000| Untracked 
|  26|0x00000000e1a00000, 0x00000000e1b00000, 0x00000000e1b00000|100%| O|  |TAMS 0x00000000e1b00000, 0x00000000e1a00000| Untracked 
|  27|0x00000000e1b00000, 0x00000000e1c00000, 0x00000000e1c00000|100%| O|  |TAMS 0x00000000e1c00000, 0x00000000e1b00000| Untracked 
|  28|0x00000000e1c00000, 0x00000000e1d00000, 0x00000000e1d00000|100%| O|  |TAMS 0x00000000e1d00000, 0x00000000e1c00000| Untracked 
|  29|0x00000000e1d00000, 0x00000000e1e00000, 0x00000000e1e00000|100%| O|  |TAMS 0x00000000e1e00000, 0x00000000e1d00000| Untracked 
|  30|0x00000000e1e00000, 0x00000000e1f00000, 0x00000000e1f00000|100%| O|  |TAMS 0x00000000e1f00000, 0x00000000e1e00000| Untracked 
|  31|0x00000000e1f00000, 0x00000000e2000000, 0x00000000e2000000|100%| O|  |TAMS 0x00000000e2000000, 0x00000000e1f00000| Untracked 
|  32|0x00000000e2000000, 0x00000000e2100000, 0x00000000e2100000|100%| O|  |TAMS 0x00000000e2100000, 0x00000000e2000000| Untracked 
|  33|0x00000000e2100000, 0x00000000e2200000, 0x00000000e2200000|100%| O|  |TAMS 0x00000000e2200000, 0x00000000e2100000| Untracked 
|  34|0x00000000e2200000, 0x00000000e2300000, 0x00000000e2300000|100%| O|  |TAMS 0x00000000e2300000, 0x00000000e2200000| Untracked 
|  35|0x00000000e2300000, 0x00000000e2400000, 0x00000000e2400000|100%| O|  |TAMS 0x00000000e2400000, 0x00000000e2300000| Untracked 
|  36|0x00000000e2400000, 0x00000000e2500000, 0x00000000e2500000|100%| O|  |TAMS 0x00000000e2500000, 0x00000000e2400000| Untracked 
|  37|0x00000000e2500000, 0x00000000e2600000, 0x00000000e2600000|100%| O|  |TAMS 0x00000000e2600000, 0x00000000e2500000| Untracked 
|  38|0x00000000e2600000, 0x00000000e2700000, 0x00000000e2700000|100%| O|  |TAMS 0x00000000e2700000, 0x00000000e2600000| Untracked 
|  39|0x00000000e2700000, 0x00000000e2800000, 0x00000000e2800000|100%| O|  |TAMS 0x00000000e2800000, 0x00000000e2700000| Untracked 
|  40|0x00000000e2800000, 0x00000000e2900000, 0x00000000e2900000|100%| O|  |TAMS 0x00000000e2900000, 0x00000000e2800000| Untracked 
|  41|0x00000000e2900000, 0x00000000e2a00000, 0x00000000e2a00000|100%| O|  |TAMS 0x00000000e2a00000, 0x00000000e2900000| Untracked 
|  42|0x00000000e2a00000, 0x00000000e2b00000, 0x00000000e2b00000|100%| O|  |TAMS 0x00000000e2aa2e00, 0x00000000e2a00000| Untracked 
|  43|0x00000000e2b00000, 0x00000000e2c00000, 0x00000000e2c00000|100%|HS|  |TAMS 0x00000000e2c00000, 0x00000000e2b00000| Complete 
|  44|0x00000000e2c00000, 0x00000000e2d00000, 0x00000000e2d00000|100%|HC|  |TAMS 0x00000000e2d00000, 0x00000000e2c00000| Complete 
|  45|0x00000000e2d00000, 0x00000000e2e00000, 0x00000000e2e00000|100%|HC|  |TAMS 0x00000000e2e00000, 0x00000000e2d00000| Complete 
|  46|0x00000000e2e00000, 0x00000000e2f00000, 0x00000000e2f00000|100%| O|  |TAMS 0x00000000e2e00000, 0x00000000e2e00000| Untracked 
|  47|0x00000000e2f00000, 0x00000000e3000000, 0x00000000e3000000|100%| O|  |TAMS 0x00000000e2f00000, 0x00000000e2f00000| Untracked 
|  48|0x00000000e3000000, 0x00000000e3100000, 0x00000000e3100000|100%| O|  |TAMS 0x00000000e3000000, 0x00000000e3000000| Untracked 
|  49|0x00000000e3100000, 0x00000000e3200000, 0x00000000e3200000|100%|HS|  |TAMS 0x00000000e3100000, 0x00000000e3100000| Complete 
|  50|0x00000000e3200000, 0x00000000e3300000, 0x00000000e3300000|100%|HC|  |TAMS 0x00000000e3200000, 0x00000000e3200000| Complete 
|  51|0x00000000e3300000, 0x00000000e3400000, 0x00000000e3400000|100%|HS|  |TAMS 0x00000000e3300000, 0x00000000e3300000| Complete 
|  52|0x00000000e3400000, 0x00000000e3500000, 0x00000000e3500000|100%|HC|  |TAMS 0x00000000e3400000, 0x00000000e3400000| Complete 
|  53|0x00000000e3500000, 0x00000000e3600000, 0x00000000e3600000|100%|HC|  |TAMS 0x00000000e3500000, 0x00000000e3500000| Complete 
|  54|0x00000000e3600000, 0x00000000e3700000, 0x00000000e3700000|100%|HS|  |TAMS 0x00000000e3600000, 0x00000000e3600000| Complete 
|  55|0x00000000e3700000, 0x00000000e3800000, 0x00000000e3800000|100%|HC|  |TAMS 0x00000000e3700000, 0x00000000e3700000| Complete 
|  56|0x00000000e3800000, 0x00000000e3900000, 0x00000000e3900000|100%|HC|  |TAMS 0x00000000e3800000, 0x00000000e3800000| Complete 
|  57|0x00000000e3900000, 0x00000000e3a00000, 0x00000000e3a00000|100%|HS|  |TAMS 0x00000000e3900000, 0x00000000e3900000| Complete 
|  58|0x00000000e3a00000, 0x00000000e3b00000, 0x00000000e3b00000|100%|HC|  |TAMS 0x00000000e3a00000, 0x00000000e3a00000| Complete 
|  59|0x00000000e3b00000, 0x00000000e3c00000, 0x00000000e3c00000|100%|HC|  |TAMS 0x00000000e3b00000, 0x00000000e3b00000| Complete 
|  60|0x00000000e3c00000, 0x00000000e3d00000, 0x00000000e3d00000|100%| O|  |TAMS 0x00000000e3c00000, 0x00000000e3c00000| Untracked 
|  61|0x00000000e3d00000, 0x00000000e3e00000, 0x00000000e3e00000|100%| O|  |TAMS 0x00000000e3d00000, 0x00000000e3d00000| Untracked 
|  62|0x00000000e3e00000, 0x00000000e3f00000, 0x00000000e3f00000|100%| O|  |TAMS 0x00000000e3e00000, 0x00000000e3e00000| Untracked 
|  63|0x00000000e3f00000, 0x00000000e4000000, 0x00000000e4000000|100%| O|  |TAMS 0x00000000e3f00000, 0x00000000e3f00000| Untracked 
|  64|0x00000000e4000000, 0x00000000e4100000, 0x00000000e4100000|100%| O|  |TAMS 0x00000000e4000000, 0x00000000e4000000| Untracked 
|  65|0x00000000e4100000, 0x00000000e4200000, 0x00000000e4200000|100%| O|  |TAMS 0x00000000e4100000, 0x00000000e4100000| Untracked 
|  66|0x00000000e4200000, 0x00000000e4300000, 0x00000000e4300000|100%| O|  |TAMS 0x00000000e4200000, 0x00000000e4200000| Untracked 
|  67|0x00000000e4300000, 0x00000000e4400000, 0x00000000e4400000|100%| O|  |TAMS 0x00000000e4300000, 0x00000000e4300000| Untracked 
|  68|0x00000000e4400000, 0x00000000e44b9000, 0x00000000e4500000| 72%| O|  |TAMS 0x00000000e4400000, 0x00000000e4400000| Untracked 
|  69|0x00000000e4500000, 0x00000000e4500000, 0x00000000e4600000|  0%| F|  |TAMS 0x00000000e4500000, 0x00000000e4500000| Untracked 
|  70|0x00000000e4600000, 0x00000000e4600000, 0x00000000e4700000|  0%| F|  |TAMS 0x00000000e4600000, 0x00000000e4600000| Untracked 
|  71|0x00000000e4700000, 0x00000000e4700000, 0x00000000e4800000|  0%| F|  |TAMS 0x00000000e4700000, 0x00000000e4700000| Untracked 
|  72|0x00000000e4800000, 0x00000000e4800000, 0x00000000e4900000|  0%| F|  |TAMS 0x00000000e4800000, 0x00000000e4800000| Untracked 
|  73|0x00000000e4900000, 0x00000000e4900000, 0x00000000e4a00000|  0%| F|  |TAMS 0x00000000e4900000, 0x00000000e4900000| Untracked 
|  74|0x00000000e4a00000, 0x00000000e4a00000, 0x00000000e4b00000|  0%| F|  |TAMS 0x00000000e4a00000, 0x00000000e4a00000| Untracked 
|  75|0x00000000e4b00000, 0x00000000e4b00000, 0x00000000e4c00000|  0%| F|  |TAMS 0x00000000e4b00000, 0x00000000e4b00000| Untracked 
|  76|0x00000000e4c00000, 0x00000000e4c00000, 0x00000000e4d00000|  0%| F|  |TAMS 0x00000000e4c00000, 0x00000000e4c00000| Untracked 
|  77|0x00000000e4d00000, 0x00000000e4d00000, 0x00000000e4e00000|  0%| F|  |TAMS 0x00000000e4d00000, 0x00000000e4d00000| Untracked 
|  78|0x00000000e4e00000, 0x00000000e4e00000, 0x00000000e4f00000|  0%| F|  |TAMS 0x00000000e4e00000, 0x00000000e4e00000| Untracked 
|  79|0x00000000e4f00000, 0x00000000e4f00000, 0x00000000e5000000|  0%| F|  |TAMS 0x00000000e4f00000, 0x00000000e4f00000| Untracked 
|  80|0x00000000e5000000, 0x00000000e5000000, 0x00000000e5100000|  0%| F|  |TAMS 0x00000000e5000000, 0x00000000e5000000| Untracked 
|  81|0x00000000e5100000, 0x00000000e5100000, 0x00000000e5200000|  0%| F|  |TAMS 0x00000000e5100000, 0x00000000e5100000| Untracked 
|  82|0x00000000e5200000, 0x00000000e5200000, 0x00000000e5300000|  0%| F|  |TAMS 0x00000000e5200000, 0x00000000e5200000| Untracked 
|  83|0x00000000e5300000, 0x00000000e5300000, 0x00000000e5400000|  0%| F|  |TAMS 0x00000000e5300000, 0x00000000e5300000| Untracked 
|  84|0x00000000e5400000, 0x00000000e5400000, 0x00000000e5500000|  0%| F|  |TAMS 0x00000000e5400000, 0x00000000e5400000| Untracked 
|  85|0x00000000e5500000, 0x00000000e5500000, 0x00000000e5600000|  0%| F|  |TAMS 0x00000000e5500000, 0x00000000e5500000| Untracked 
|  86|0x00000000e5600000, 0x00000000e5700000, 0x00000000e5700000|100%| S|CS|TAMS 0x00000000e5600000, 0x00000000e5600000| Complete 
|  87|0x00000000e5700000, 0x00000000e5800000, 0x00000000e5800000|100%| S|CS|TAMS 0x00000000e5700000, 0x00000000e5700000| Complete 
|  88|0x00000000e5800000, 0x00000000e5900000, 0x00000000e5900000|100%| S|CS|TAMS 0x00000000e5800000, 0x00000000e5800000| Complete 
|  89|0x00000000e5900000, 0x00000000e5a00000, 0x00000000e5a00000|100%| S|CS|TAMS 0x00000000e5900000, 0x00000000e5900000| Complete 
|  90|0x00000000e5a00000, 0x00000000e5b00000, 0x00000000e5b00000|100%| S|CS|TAMS 0x00000000e5a00000, 0x00000000e5a00000| Complete 
|  91|0x00000000e5b00000, 0x00000000e5c00000, 0x00000000e5c00000|100%| S|CS|TAMS 0x00000000e5b00000, 0x00000000e5b00000| Complete 
|  92|0x00000000e5c00000, 0x00000000e5d00000, 0x00000000e5d00000|100%| S|CS|TAMS 0x00000000e5c00000, 0x00000000e5c00000| Complete 
|  93|0x00000000e5d00000, 0x00000000e5e00000, 0x00000000e5e00000|100%| S|CS|TAMS 0x00000000e5d00000, 0x00000000e5d00000| Complete 
|  94|0x00000000e5e00000, 0x00000000e5f00000, 0x00000000e5f00000|100%| S|CS|TAMS 0x00000000e5e00000, 0x00000000e5e00000| Complete 
|  95|0x00000000e5f00000, 0x00000000e6000000, 0x00000000e6000000|100%| S|CS|TAMS 0x00000000e5f00000, 0x00000000e5f00000| Complete 
|  96|0x00000000e6000000, 0x00000000e6100000, 0x00000000e6100000|100%| S|CS|TAMS 0x00000000e6000000, 0x00000000e6000000| Complete 
|  97|0x00000000e6100000, 0x00000000e6200000, 0x00000000e6200000|100%| S|CS|TAMS 0x00000000e6100000, 0x00000000e6100000| Complete 
|  98|0x00000000e6200000, 0x00000000e6300000, 0x00000000e6300000|100%| S|CS|TAMS 0x00000000e6200000, 0x00000000e6200000| Complete 
|  99|0x00000000e6300000, 0x00000000e6400000, 0x00000000e6400000|100%| S|CS|TAMS 0x00000000e6300000, 0x00000000e6300000| Complete 
| 100|0x00000000e6400000, 0x00000000e6500000, 0x00000000e6500000|100%| S|CS|TAMS 0x00000000e6400000, 0x00000000e6400000| Complete 
| 101|0x00000000e6500000, 0x00000000e6600000, 0x00000000e6600000|100%| S|CS|TAMS 0x00000000e6500000, 0x00000000e6500000| Complete 
| 102|0x00000000e6600000, 0x00000000e6700000, 0x00000000e6700000|100%| S|CS|TAMS 0x00000000e6600000, 0x00000000e6600000| Complete 
| 103|0x00000000e6700000, 0x00000000e6800000, 0x00000000e6800000|100%| S|CS|TAMS 0x00000000e6700000, 0x00000000e6700000| Complete 
| 104|0x00000000e6800000, 0x00000000e6900000, 0x00000000e6900000|100%| S|CS|TAMS 0x00000000e6800000, 0x00000000e6800000| Complete 
| 105|0x00000000e6900000, 0x00000000e6900000, 0x00000000e6a00000|  0%| F|  |TAMS 0x00000000e6900000, 0x00000000e6900000| Untracked 
| 106|0x00000000e6a00000, 0x00000000e6a00000, 0x00000000e6b00000|  0%| F|  |TAMS 0x00000000e6a00000, 0x00000000e6a00000| Untracked 
| 107|0x00000000e6b00000, 0x00000000e6b00000, 0x00000000e6c00000|  0%| F|  |TAMS 0x00000000e6b00000, 0x00000000e6b00000| Untracked 
| 108|0x00000000e6c00000, 0x00000000e6c00000, 0x00000000e6d00000|  0%| F|  |TAMS 0x00000000e6c00000, 0x00000000e6c00000| Untracked 
| 109|0x00000000e6d00000, 0x00000000e6d00000, 0x00000000e6e00000|  0%| F|  |TAMS 0x00000000e6d00000, 0x00000000e6d00000| Untracked 
| 110|0x00000000e6e00000, 0x00000000e6e00000, 0x00000000e6f00000|  0%| F|  |TAMS 0x00000000e6e00000, 0x00000000e6e00000| Untracked 
| 111|0x00000000e6f00000, 0x00000000e6f00000, 0x00000000e7000000|  0%| F|  |TAMS 0x00000000e6f00000, 0x00000000e6f00000| Untracked 
| 112|0x00000000e7000000, 0x00000000e7000000, 0x00000000e7100000|  0%| F|  |TAMS 0x00000000e7000000, 0x00000000e7000000| Untracked 
| 113|0x00000000e7100000, 0x00000000e7100000, 0x00000000e7200000|  0%| F|  |TAMS 0x00000000e7100000, 0x00000000e7100000| Untracked 
| 114|0x00000000e7200000, 0x00000000e7200000, 0x00000000e7300000|  0%| F|  |TAMS 0x00000000e7200000, 0x00000000e7200000| Untracked 
| 115|0x00000000e7300000, 0x00000000e7300000, 0x00000000e7400000|  0%| F|  |TAMS 0x00000000e7300000, 0x00000000e7300000| Untracked 
| 116|0x00000000e7400000, 0x00000000e7400000, 0x00000000e7500000|  0%| F|  |TAMS 0x00000000e7400000, 0x00000000e7400000| Untracked 
| 117|0x00000000e7500000, 0x00000000e7500000, 0x00000000e7600000|  0%| F|  |TAMS 0x00000000e7500000, 0x00000000e7500000| Untracked 
| 118|0x00000000e7600000, 0x00000000e7600000, 0x00000000e7700000|  0%| F|  |TAMS 0x00000000e7600000, 0x00000000e7600000| Untracked 
| 119|0x00000000e7700000, 0x00000000e7700000, 0x00000000e7800000|  0%| F|  |TAMS 0x00000000e7700000, 0x00000000e7700000| Untracked 
| 120|0x00000000e7800000, 0x00000000e7800000, 0x00000000e7900000|  0%| F|  |TAMS 0x00000000e7800000, 0x00000000e7800000| Untracked 
| 121|0x00000000e7900000, 0x00000000e7900000, 0x00000000e7a00000|  0%| F|  |TAMS 0x00000000e7900000, 0x00000000e7900000| Untracked 
| 122|0x00000000e7a00000, 0x00000000e7a00000, 0x00000000e7b00000|  0%| F|  |TAMS 0x00000000e7a00000, 0x00000000e7a00000| Untracked 
| 123|0x00000000e7b00000, 0x00000000e7b00000, 0x00000000e7c00000|  0%| F|  |TAMS 0x00000000e7b00000, 0x00000000e7b00000| Untracked 
| 124|0x00000000e7c00000, 0x00000000e7c00000, 0x00000000e7d00000|  0%| F|  |TAMS 0x00000000e7c00000, 0x00000000e7c00000| Untracked 
| 125|0x00000000e7d00000, 0x00000000e7d00000, 0x00000000e7e00000|  0%| F|  |TAMS 0x00000000e7d00000, 0x00000000e7d00000| Untracked 
| 126|0x00000000e7e00000, 0x00000000e7e00000, 0x00000000e7f00000|  0%| F|  |TAMS 0x00000000e7e00000, 0x00000000e7e00000| Untracked 
| 127|0x00000000e7f00000, 0x00000000e7f00000, 0x00000000e8000000|  0%| F|  |TAMS 0x00000000e7f00000, 0x00000000e7f00000| Untracked 
| 128|0x00000000e8000000, 0x00000000e8000000, 0x00000000e8100000|  0%| F|  |TAMS 0x00000000e8000000, 0x00000000e8000000| Untracked 
| 129|0x00000000e8100000, 0x00000000e8100000, 0x00000000e8200000|  0%| F|  |TAMS 0x00000000e8100000, 0x00000000e8100000| Untracked 
| 130|0x00000000e8200000, 0x00000000e8200000, 0x00000000e8300000|  0%| F|  |TAMS 0x00000000e8200000, 0x00000000e8200000| Untracked 
| 131|0x00000000e8300000, 0x00000000e8300000, 0x00000000e8400000|  0%| F|  |TAMS 0x00000000e8300000, 0x00000000e8300000| Untracked 
| 132|0x00000000e8400000, 0x00000000e8400000, 0x00000000e8500000|  0%| F|  |TAMS 0x00000000e8400000, 0x00000000e8400000| Untracked 
| 133|0x00000000e8500000, 0x00000000e8500000, 0x00000000e8600000|  0%| F|  |TAMS 0x00000000e8500000, 0x00000000e8500000| Untracked 
| 134|0x00000000e8600000, 0x00000000e8600000, 0x00000000e8700000|  0%| F|  |TAMS 0x00000000e8600000, 0x00000000e8600000| Untracked 
| 135|0x00000000e8700000, 0x00000000e8700000, 0x00000000e8800000|  0%| F|  |TAMS 0x00000000e8700000, 0x00000000e8700000| Untracked 
| 136|0x00000000e8800000, 0x00000000e8800000, 0x00000000e8900000|  0%| F|  |TAMS 0x00000000e8800000, 0x00000000e8800000| Untracked 
| 137|0x00000000e8900000, 0x00000000e8900000, 0x00000000e8a00000|  0%| F|  |TAMS 0x00000000e8900000, 0x00000000e8900000| Untracked 
| 138|0x00000000e8a00000, 0x00000000e8a00000, 0x00000000e8b00000|  0%| F|  |TAMS 0x00000000e8a00000, 0x00000000e8a00000| Untracked 
| 139|0x00000000e8b00000, 0x00000000e8b00000, 0x00000000e8c00000|  0%| F|  |TAMS 0x00000000e8b00000, 0x00000000e8b00000| Untracked 
| 140|0x00000000e8c00000, 0x00000000e8c00000, 0x00000000e8d00000|  0%| F|  |TAMS 0x00000000e8c00000, 0x00000000e8c00000| Untracked 
| 141|0x00000000e8d00000, 0x00000000e8d00000, 0x00000000e8e00000|  0%| F|  |TAMS 0x00000000e8d00000, 0x00000000e8d00000| Untracked 
| 142|0x00000000e8e00000, 0x00000000e8e00000, 0x00000000e8f00000|  0%| F|  |TAMS 0x00000000e8e00000, 0x00000000e8e00000| Untracked 
| 143|0x00000000e8f00000, 0x00000000e8f00000, 0x00000000e9000000|  0%| F|  |TAMS 0x00000000e8f00000, 0x00000000e8f00000| Untracked 
| 144|0x00000000e9000000, 0x00000000e9000000, 0x00000000e9100000|  0%| F|  |TAMS 0x00000000e9000000, 0x00000000e9000000| Untracked 
| 145|0x00000000e9100000, 0x00000000e9100000, 0x00000000e9200000|  0%| F|  |TAMS 0x00000000e9100000, 0x00000000e9100000| Untracked 
| 146|0x00000000e9200000, 0x00000000e9200000, 0x00000000e9300000|  0%| F|  |TAMS 0x00000000e9200000, 0x00000000e9200000| Untracked 
| 147|0x00000000e9300000, 0x00000000e9300000, 0x00000000e9400000|  0%| F|  |TAMS 0x00000000e9300000, 0x00000000e9300000| Untracked 
| 148|0x00000000e9400000, 0x00000000e9400000, 0x00000000e9500000|  0%| F|  |TAMS 0x00000000e9400000, 0x00000000e9400000| Untracked 
| 149|0x00000000e9500000, 0x00000000e9500000, 0x00000000e9600000|  0%| F|  |TAMS 0x00000000e9500000, 0x00000000e9500000| Untracked 
| 150|0x00000000e9600000, 0x00000000e9600000, 0x00000000e9700000|  0%| F|  |TAMS 0x00000000e9600000, 0x00000000e9600000| Untracked 
| 151|0x00000000e9700000, 0x00000000e9700000, 0x00000000e9800000|  0%| F|  |TAMS 0x00000000e9700000, 0x00000000e9700000| Untracked 
| 152|0x00000000e9800000, 0x00000000e9800000, 0x00000000e9900000|  0%| F|  |TAMS 0x00000000e9800000, 0x00000000e9800000| Untracked 
| 153|0x00000000e9900000, 0x00000000e9900000, 0x00000000e9a00000|  0%| F|  |TAMS 0x00000000e9900000, 0x00000000e9900000| Untracked 
| 154|0x00000000e9a00000, 0x00000000e9a00000, 0x00000000e9b00000|  0%| F|  |TAMS 0x00000000e9a00000, 0x00000000e9a00000| Untracked 
| 155|0x00000000e9b00000, 0x00000000e9b00000, 0x00000000e9c00000|  0%| F|  |TAMS 0x00000000e9b00000, 0x00000000e9b00000| Untracked 
| 156|0x00000000e9c00000, 0x00000000e9c00000, 0x00000000e9d00000|  0%| F|  |TAMS 0x00000000e9c00000, 0x00000000e9c00000| Untracked 
| 157|0x00000000e9d00000, 0x00000000e9d00000, 0x00000000e9e00000|  0%| F|  |TAMS 0x00000000e9d00000, 0x00000000e9d00000| Untracked 
| 158|0x00000000e9e00000, 0x00000000e9e00000, 0x00000000e9f00000|  0%| F|  |TAMS 0x00000000e9e00000, 0x00000000e9e00000| Untracked 
| 159|0x00000000e9f00000, 0x00000000e9f00000, 0x00000000ea000000|  0%| F|  |TAMS 0x00000000e9f00000, 0x00000000e9f00000| Untracked 
| 160|0x00000000ea000000, 0x00000000ea000000, 0x00000000ea100000|  0%| F|  |TAMS 0x00000000ea000000, 0x00000000ea000000| Untracked 
| 161|0x00000000ea100000, 0x00000000ea100000, 0x00000000ea200000|  0%| F|  |TAMS 0x00000000ea100000, 0x00000000ea100000| Untracked 
| 162|0x00000000ea200000, 0x00000000ea200000, 0x00000000ea300000|  0%| F|  |TAMS 0x00000000ea200000, 0x00000000ea200000| Untracked 
| 163|0x00000000ea300000, 0x00000000ea300000, 0x00000000ea400000|  0%| F|  |TAMS 0x00000000ea300000, 0x00000000ea300000| Untracked 
| 164|0x00000000ea400000, 0x00000000ea400000, 0x00000000ea500000|  0%| F|  |TAMS 0x00000000ea400000, 0x00000000ea400000| Untracked 
| 165|0x00000000ea500000, 0x00000000ea500000, 0x00000000ea600000|  0%| F|  |TAMS 0x00000000ea500000, 0x00000000ea500000| Untracked 
| 166|0x00000000ea600000, 0x00000000ea600000, 0x00000000ea700000|  0%| F|  |TAMS 0x00000000ea600000, 0x00000000ea600000| Untracked 
| 167|0x00000000ea700000, 0x00000000ea700000, 0x00000000ea800000|  0%| F|  |TAMS 0x00000000ea700000, 0x00000000ea700000| Untracked 
| 168|0x00000000ea800000, 0x00000000ea800000, 0x00000000ea900000|  0%| F|  |TAMS 0x00000000ea800000, 0x00000000ea800000| Untracked 
| 169|0x00000000ea900000, 0x00000000ea900000, 0x00000000eaa00000|  0%| F|  |TAMS 0x00000000ea900000, 0x00000000ea900000| Untracked 
| 170|0x00000000eaa00000, 0x00000000eaa00000, 0x00000000eab00000|  0%| F|  |TAMS 0x00000000eaa00000, 0x00000000eaa00000| Untracked 
| 171|0x00000000eab00000, 0x00000000eab00000, 0x00000000eac00000|  0%| F|  |TAMS 0x00000000eab00000, 0x00000000eab00000| Untracked 
| 172|0x00000000eac00000, 0x00000000eac00000, 0x00000000ead00000|  0%| F|  |TAMS 0x00000000eac00000, 0x00000000eac00000| Untracked 
| 173|0x00000000ead00000, 0x00000000ead00000, 0x00000000eae00000|  0%| F|  |TAMS 0x00000000ead00000, 0x00000000ead00000| Untracked 
| 174|0x00000000eae00000, 0x00000000eae00000, 0x00000000eaf00000|  0%| F|  |TAMS 0x00000000eae00000, 0x00000000eae00000| Untracked 
| 175|0x00000000eaf00000, 0x00000000eaf00000, 0x00000000eb000000|  0%| F|  |TAMS 0x00000000eaf00000, 0x00000000eaf00000| Untracked 
| 176|0x00000000eb000000, 0x00000000eb000000, 0x00000000eb100000|  0%| F|  |TAMS 0x00000000eb000000, 0x00000000eb000000| Untracked 
| 177|0x00000000eb100000, 0x00000000eb100000, 0x00000000eb200000|  0%| F|  |TAMS 0x00000000eb100000, 0x00000000eb100000| Untracked 
| 178|0x00000000eb200000, 0x00000000eb200000, 0x00000000eb300000|  0%| F|  |TAMS 0x00000000eb200000, 0x00000000eb200000| Untracked 
| 179|0x00000000eb300000, 0x00000000eb300000, 0x00000000eb400000|  0%| F|  |TAMS 0x00000000eb300000, 0x00000000eb300000| Untracked 
| 180|0x00000000eb400000, 0x00000000eb400000, 0x00000000eb500000|  0%| F|  |TAMS 0x00000000eb400000, 0x00000000eb400000| Untracked 
| 181|0x00000000eb500000, 0x00000000eb500000, 0x00000000eb600000|  0%| F|  |TAMS 0x00000000eb500000, 0x00000000eb500000| Untracked 
| 182|0x00000000eb600000, 0x00000000eb600000, 0x00000000eb700000|  0%| F|  |TAMS 0x00000000eb600000, 0x00000000eb600000| Untracked 
| 183|0x00000000eb700000, 0x00000000eb700000, 0x00000000eb800000|  0%| F|  |TAMS 0x00000000eb700000, 0x00000000eb700000| Untracked 
| 184|0x00000000eb800000, 0x00000000eb800000, 0x00000000eb900000|  0%| F|  |TAMS 0x00000000eb800000, 0x00000000eb800000| Untracked 
| 185|0x00000000eb900000, 0x00000000eb900000, 0x00000000eba00000|  0%| F|  |TAMS 0x00000000eb900000, 0x00000000eb900000| Untracked 
| 186|0x00000000eba00000, 0x00000000eba00000, 0x00000000ebb00000|  0%| F|  |TAMS 0x00000000eba00000, 0x00000000eba00000| Untracked 
| 187|0x00000000ebb00000, 0x00000000ebb00000, 0x00000000ebc00000|  0%| F|  |TAMS 0x00000000ebb00000, 0x00000000ebb00000| Untracked 
| 188|0x00000000ebc00000, 0x00000000ebc00000, 0x00000000ebd00000|  0%| F|  |TAMS 0x00000000ebc00000, 0x00000000ebc00000| Untracked 
| 189|0x00000000ebd00000, 0x00000000ebd00000, 0x00000000ebe00000|  0%| F|  |TAMS 0x00000000ebd00000, 0x00000000ebd00000| Untracked 
| 190|0x00000000ebe00000, 0x00000000ebe00000, 0x00000000ebf00000|  0%| F|  |TAMS 0x00000000ebe00000, 0x00000000ebe00000| Untracked 
| 191|0x00000000ebf00000, 0x00000000ebf00000, 0x00000000ec000000|  0%| F|  |TAMS 0x00000000ebf00000, 0x00000000ebf00000| Untracked 
| 192|0x00000000ec000000, 0x00000000ec000000, 0x00000000ec100000|  0%| F|  |TAMS 0x00000000ec000000, 0x00000000ec000000| Untracked 
| 193|0x00000000ec100000, 0x00000000ec100000, 0x00000000ec200000|  0%| F|  |TAMS 0x00000000ec100000, 0x00000000ec100000| Untracked 
| 194|0x00000000ec200000, 0x00000000ec200000, 0x00000000ec300000|  0%| F|  |TAMS 0x00000000ec200000, 0x00000000ec200000| Untracked 
| 195|0x00000000ec300000, 0x00000000ec300000, 0x00000000ec400000|  0%| F|  |TAMS 0x00000000ec300000, 0x00000000ec300000| Untracked 
| 196|0x00000000ec400000, 0x00000000ec400000, 0x00000000ec500000|  0%| F|  |TAMS 0x00000000ec400000, 0x00000000ec400000| Untracked 
| 197|0x00000000ec500000, 0x00000000ec500000, 0x00000000ec600000|  0%| F|  |TAMS 0x00000000ec500000, 0x00000000ec500000| Untracked 
| 198|0x00000000ec600000, 0x00000000ec600000, 0x00000000ec700000|  0%| F|  |TAMS 0x00000000ec600000, 0x00000000ec600000| Untracked 
| 199|0x00000000ec700000, 0x00000000ec700000, 0x00000000ec800000|  0%| F|  |TAMS 0x00000000ec700000, 0x00000000ec700000| Untracked 
| 200|0x00000000ec800000, 0x00000000ec800000, 0x00000000ec900000|  0%| F|  |TAMS 0x00000000ec800000, 0x00000000ec800000| Untracked 
| 201|0x00000000ec900000, 0x00000000ec900000, 0x00000000eca00000|  0%| F|  |TAMS 0x00000000ec900000, 0x00000000ec900000| Untracked 
| 202|0x00000000eca00000, 0x00000000eca00000, 0x00000000ecb00000|  0%| F|  |TAMS 0x00000000eca00000, 0x00000000eca00000| Untracked 
| 203|0x00000000ecb00000, 0x00000000ecb00000, 0x00000000ecc00000|  0%| F|  |TAMS 0x00000000ecb00000, 0x00000000ecb00000| Untracked 
| 204|0x00000000ecc00000, 0x00000000ecc00000, 0x00000000ecd00000|  0%| F|  |TAMS 0x00000000ecc00000, 0x00000000ecc00000| Untracked 
| 205|0x00000000ecd00000, 0x00000000ecd00000, 0x00000000ece00000|  0%| F|  |TAMS 0x00000000ecd00000, 0x00000000ecd00000| Untracked 
| 206|0x00000000ece00000, 0x00000000ece00000, 0x00000000ecf00000|  0%| F|  |TAMS 0x00000000ece00000, 0x00000000ece00000| Untracked 
| 207|0x00000000ecf00000, 0x00000000ecf00000, 0x00000000ed000000|  0%| F|  |TAMS 0x00000000ecf00000, 0x00000000ecf00000| Untracked 
| 208|0x00000000ed000000, 0x00000000ed000000, 0x00000000ed100000|  0%| F|  |TAMS 0x00000000ed000000, 0x00000000ed000000| Untracked 
| 209|0x00000000ed100000, 0x00000000ed100000, 0x00000000ed200000|  0%| F|  |TAMS 0x00000000ed100000, 0x00000000ed100000| Untracked 
| 210|0x00000000ed200000, 0x00000000ed200000, 0x00000000ed300000|  0%| F|  |TAMS 0x00000000ed200000, 0x00000000ed200000| Untracked 
| 211|0x00000000ed300000, 0x00000000ed300000, 0x00000000ed400000|  0%| F|  |TAMS 0x00000000ed300000, 0x00000000ed300000| Untracked 
| 212|0x00000000ed400000, 0x00000000ed400000, 0x00000000ed500000|  0%| F|  |TAMS 0x00000000ed400000, 0x00000000ed400000| Untracked 
| 213|0x00000000ed500000, 0x00000000ed500000, 0x00000000ed600000|  0%| F|  |TAMS 0x00000000ed500000, 0x00000000ed500000| Untracked 
| 214|0x00000000ed600000, 0x00000000ed600000, 0x00000000ed700000|  0%| F|  |TAMS 0x00000000ed600000, 0x00000000ed600000| Untracked 
| 215|0x00000000ed700000, 0x00000000ed700000, 0x00000000ed800000|  0%| F|  |TAMS 0x00000000ed700000, 0x00000000ed700000| Untracked 
| 216|0x00000000ed800000, 0x00000000ed800000, 0x00000000ed900000|  0%| F|  |TAMS 0x00000000ed800000, 0x00000000ed800000| Untracked 
| 217|0x00000000ed900000, 0x00000000ed900000, 0x00000000eda00000|  0%| F|  |TAMS 0x00000000ed900000, 0x00000000ed900000| Untracked 
| 218|0x00000000eda00000, 0x00000000eda00000, 0x00000000edb00000|  0%| F|  |TAMS 0x00000000eda00000, 0x00000000eda00000| Untracked 
| 219|0x00000000edb00000, 0x00000000edb00000, 0x00000000edc00000|  0%| F|  |TAMS 0x00000000edb00000, 0x00000000edb00000| Untracked 
| 220|0x00000000edc00000, 0x00000000edc00000, 0x00000000edd00000|  0%| F|  |TAMS 0x00000000edc00000, 0x00000000edc00000| Untracked 
| 221|0x00000000edd00000, 0x00000000edd00000, 0x00000000ede00000|  0%| F|  |TAMS 0x00000000edd00000, 0x00000000edd00000| Untracked 
| 222|0x00000000ede00000, 0x00000000ede00000, 0x00000000edf00000|  0%| F|  |TAMS 0x00000000ede00000, 0x00000000ede00000| Untracked 
| 223|0x00000000edf00000, 0x00000000edf00000, 0x00000000ee000000|  0%| F|  |TAMS 0x00000000edf00000, 0x00000000edf00000| Untracked 
| 224|0x00000000ee000000, 0x00000000ee000000, 0x00000000ee100000|  0%| F|  |TAMS 0x00000000ee000000, 0x00000000ee000000| Untracked 
| 225|0x00000000ee100000, 0x00000000ee100000, 0x00000000ee200000|  0%| F|  |TAMS 0x00000000ee100000, 0x00000000ee100000| Untracked 
| 226|0x00000000ee200000, 0x00000000ee200000, 0x00000000ee300000|  0%| F|  |TAMS 0x00000000ee200000, 0x00000000ee200000| Untracked 
| 227|0x00000000ee300000, 0x00000000ee300000, 0x00000000ee400000|  0%| F|  |TAMS 0x00000000ee300000, 0x00000000ee300000| Untracked 
| 228|0x00000000ee400000, 0x00000000ee400000, 0x00000000ee500000|  0%| F|  |TAMS 0x00000000ee400000, 0x00000000ee400000| Untracked 
| 229|0x00000000ee500000, 0x00000000ee500000, 0x00000000ee600000|  0%| F|  |TAMS 0x00000000ee500000, 0x00000000ee500000| Untracked 
| 230|0x00000000ee600000, 0x00000000ee600000, 0x00000000ee700000|  0%| F|  |TAMS 0x00000000ee600000, 0x00000000ee600000| Untracked 
| 231|0x00000000ee700000, 0x00000000ee700000, 0x00000000ee800000|  0%| F|  |TAMS 0x00000000ee700000, 0x00000000ee700000| Untracked 
| 232|0x00000000ee800000, 0x00000000ee800000, 0x00000000ee900000|  0%| F|  |TAMS 0x00000000ee800000, 0x00000000ee800000| Untracked 
| 233|0x00000000ee900000, 0x00000000ee900000, 0x00000000eea00000|  0%| F|  |TAMS 0x00000000ee900000, 0x00000000ee900000| Untracked 
| 234|0x00000000eea00000, 0x00000000eea00000, 0x00000000eeb00000|  0%| F|  |TAMS 0x00000000eea00000, 0x00000000eea00000| Untracked 
| 235|0x00000000eeb00000, 0x00000000eeb00000, 0x00000000eec00000|  0%| F|  |TAMS 0x00000000eeb00000, 0x00000000eeb00000| Untracked 
| 236|0x00000000eec00000, 0x00000000eec00000, 0x00000000eed00000|  0%| F|  |TAMS 0x00000000eec00000, 0x00000000eec00000| Untracked 
| 237|0x00000000eed00000, 0x00000000eed00000, 0x00000000eee00000|  0%| F|  |TAMS 0x00000000eed00000, 0x00000000eed00000| Untracked 
| 238|0x00000000eee00000, 0x00000000eef00000, 0x00000000eef00000|100%| E|  |TAMS 0x00000000eee00000, 0x00000000eee00000| Complete 
| 239|0x00000000eef00000, 0x00000000ef000000, 0x00000000ef000000|100%| E|CS|TAMS 0x00000000eef00000, 0x00000000eef00000| Complete 
| 240|0x00000000ef000000, 0x00000000ef100000, 0x00000000ef100000|100%| E|CS|TAMS 0x00000000ef000000, 0x00000000ef000000| Complete 
| 241|0x00000000ef100000, 0x00000000ef200000, 0x00000000ef200000|100%| E|CS|TAMS 0x00000000ef100000, 0x00000000ef100000| Complete 
| 242|0x00000000ef200000, 0x00000000ef300000, 0x00000000ef300000|100%| E|CS|TAMS 0x00000000ef200000, 0x00000000ef200000| Complete 
| 243|0x00000000ef300000, 0x00000000ef400000, 0x00000000ef400000|100%| E|CS|TAMS 0x00000000ef300000, 0x00000000ef300000| Complete 
| 244|0x00000000ef400000, 0x00000000ef500000, 0x00000000ef500000|100%| E|CS|TAMS 0x00000000ef400000, 0x00000000ef400000| Complete 
| 245|0x00000000ef500000, 0x00000000ef600000, 0x00000000ef600000|100%| E|CS|TAMS 0x00000000ef500000, 0x00000000ef500000| Complete 
| 246|0x00000000ef600000, 0x00000000ef700000, 0x00000000ef700000|100%| E|CS|TAMS 0x00000000ef600000, 0x00000000ef600000| Complete 
| 247|0x00000000ef700000, 0x00000000ef800000, 0x00000000ef800000|100%| E|CS|TAMS 0x00000000ef700000, 0x00000000ef700000| Complete 
| 248|0x00000000ef800000, 0x00000000ef900000, 0x00000000ef900000|100%| E|CS|TAMS 0x00000000ef800000, 0x00000000ef800000| Complete 
| 249|0x00000000ef900000, 0x00000000efa00000, 0x00000000efa00000|100%| E|CS|TAMS 0x00000000ef900000, 0x00000000ef900000| Complete 
| 250|0x00000000efa00000, 0x00000000efb00000, 0x00000000efb00000|100%| E|CS|TAMS 0x00000000efa00000, 0x00000000efa00000| Complete 
| 251|0x00000000efb00000, 0x00000000efc00000, 0x00000000efc00000|100%| E|CS|TAMS 0x00000000efb00000, 0x00000000efb00000| Complete 
| 252|0x00000000efc00000, 0x00000000efd00000, 0x00000000efd00000|100%| E|CS|TAMS 0x00000000efc00000, 0x00000000efc00000| Complete 
| 253|0x00000000efd00000, 0x00000000efe00000, 0x00000000efe00000|100%| E|CS|TAMS 0x00000000efd00000, 0x00000000efd00000| Complete 
| 254|0x00000000efe00000, 0x00000000eff00000, 0x00000000eff00000|100%| E|CS|TAMS 0x00000000efe00000, 0x00000000efe00000| Complete 
| 255|0x00000000eff00000, 0x00000000f0000000, 0x00000000f0000000|100%| E|CS|TAMS 0x00000000eff00000, 0x00000000eff00000| Complete 

Card table byte_map: [0x0000023779a50000,0x0000023779b50000] _byte_map_base: 0x0000023779350000

Marking Bits (Prev, Next): (CMBitMap*) 0x000002376288a060, (CMBitMap*) 0x000002376288a020
 Prev Bits: [0x000002377a450000, 0x000002377ac50000)
 Next Bits: [0x0000023779c50000, 0x000002377a450000)

Polling page: 0x0000023762030000

Metaspace:

Usage:
  Non-class:     56.96 MB used.
      Class:      9.34 MB used.
       Both:     66.29 MB used.

Virtual space:
  Non-class space:       64.00 MB reserved,      57.38 MB ( 90%) committed,  8 nodes.
      Class space:      308.00 MB reserved,       9.69 MB (  3%) committed,  1 nodes.
             Both:      372.00 MB reserved,      67.06 MB ( 18%) committed. 

Chunk freelists:
   Non-Class:  1.98 MB
       Class:  2.14 MB
        Both:  4.12 MB

MaxMetaspaceSize: 384.00 MB
CompressedClassSpaceSize: 308.00 MB
Initial GC threshold: 21.00 MB
Current GC threshold: 100.00 MB
CDS: on
MetaspaceReclaimPolicy: balanced
 - commit_granule_bytes: 65536.
 - commit_granule_words: 8192.
 - virtual_space_node_default_size: 1048576.
 - enlarge_chunks_in_place: 1.
 - new_chunks_are_fully_committed: 0.
 - uncommit_free_chunks: 1.
 - use_allocation_guard: 0.
 - handle_deallocations: 1.


Internal statistics:

num_allocs_failed_limit: 14.
num_arena_births: 810.
num_arena_deaths: 0.
num_vsnodes_births: 9.
num_vsnodes_deaths: 0.
num_space_committed: 1073.
num_space_uncommitted: 0.
num_chunks_returned_to_freelist: 14.
num_chunks_taken_from_freelist: 3436.
num_chunk_merges: 14.
num_chunk_splits: 2231.
num_chunks_enlarged: 1431.
num_purges: 0.
num_inconsistent_stats: 0.

CodeHeap 'non-profiled nmethods': size=119168Kb used=5030Kb max_used=5666Kb free=114137Kb
 bounds [0x0000023771c70000, 0x0000023772200000, 0x00000237790d0000]
CodeHeap 'profiled nmethods': size=119104Kb used=14250Kb max_used=14903Kb free=104853Kb
 bounds [0x000002376a820000, 0x000002376b6b0000, 0x0000023771c70000]
CodeHeap 'non-nmethods': size=7488Kb used=4084Kb max_used=4186Kb free=3403Kb
 bounds [0x000002376a0d0000, 0x000002376a500000, 0x000002376a820000]
 total_blobs=8079 nmethods=7152 adapters=836
 compilation: enabled
              stopped_count=0, restarted_count=0
 full_count=0

Compilation events (20 events):
Event: 8.744 Thread 0x000002370034a720 8589       3       sun.reflect.generics.parser.SignatureParser::parseArrayTypeSignature (29 bytes)
Event: 8.744 Thread 0x000002377dbf3d20 8590       3       sun.reflect.generics.tree.ArrayTypeSignature::make (9 bytes)
Event: 8.744 Thread 0x000002377e8d7cf0 8591       3       sun.reflect.generics.tree.ArrayTypeSignature::<init> (10 bytes)
Event: 8.744 Thread 0x000002377e8e81e0 8592       3       sun.reflect.generics.tree.ArrayTypeSignature::accept (8 bytes)
Event: 8.744 Thread 0x000002377e8d7cf0 nmethod 8591 0x000002376b0e1d90 code [0x000002376b0e1f20, 0x000002376b0e20d8]
Event: 8.744 Thread 0x000002377dbf3d20 nmethod 8590 0x000002376ac28c10 code [0x000002376ac28dc0, 0x000002376ac29018]
Event: 8.744 Thread 0x000002377e8d7cf0 8593       3       sun.reflect.generics.visitor.Reifier::visitArrayTypeSignature (30 bytes)
Event: 8.744 Thread 0x000002377dbf3d20 8594       3       sun.reflect.generics.factory.CoreReflectionFactory::makeArrayType (24 bytes)
Event: 8.744 Thread 0x000002370034a720 nmethod 8589 0x000002376ab6e890 code [0x000002376ab6ea80, 0x000002376ab6ee78]
Event: 8.745 Thread 0x000002377e8e81e0 nmethod 8592 0x000002376afcbe90 code [0x000002376afcc0a0, 0x000002376afcc958]
Event: 8.745 Thread 0x000002377dbf3d20 nmethod 8594 0x000002376ad7cc90 code [0x000002376ad7ce80, 0x000002376ad7d488]
Event: 8.745 Thread 0x000002377e8d7cf0 nmethod 8593 0x000002376a882990 code [0x000002376a882ba0, 0x000002376a883398]
Event: 8.750 Thread 0x000002377e8e81e0 8596       3       java.lang.invoke.DelegatingMethodHandle$Holder::reinvoke_L (18 bytes)
Event: 8.750 Thread 0x000002377e8e81e0 nmethod 8596 0x000002376aea3c10 code [0x000002376aea3de0, 0x000002376aea4318]
Event: 8.753 Thread 0x0000023702813460 nmethod 8380 0x0000023771f4d590 code [0x0000023771f4dc00, 0x0000023771f551f8]
Event: 8.753 Thread 0x0000023702813460 8550   !   4       java.lang.reflect.Executable::sharedToGenericString (255 bytes)
Event: 8.771 Thread 0x000002377e8e81e0 8598       3       groovy.lang.MetaClassImpl::chooseMethod (29 bytes)
Event: 8.771 Thread 0x000002377e8d7cf0 8599       3       groovy.lang.MetaClassImpl::chooseMethodInternal (269 bytes)
Event: 8.771 Thread 0x000002377e8e81e0 nmethod 8598 0x000002376af5da90 code [0x000002376af5dc60, 0x000002376af5e038]
Event: 8.772 Thread 0x000002377e8d7cf0 nmethod 8599 0x000002376a969090 code [0x000002376a969460, 0x000002376a96b5d8]

GC Heap History (20 events):
Event: 0.701 GC heap before
{Heap before GC invocations=1 (full 0):
 garbage-first heap   total 262144K, used 38165K [0x00000000e0000000, 0x0000000100000000)
  region size 1024K, 30 young (30720K), 3 survivors (3072K)
 Metaspace       used 4092K, committed 4288K, reserved 323584K
  class space    used 491K, committed 576K, reserved 315392K
}
Event: 0.703 GC heap after
{Heap after GC invocations=2 (full 0):
 garbage-first heap   total 262144K, used 11134K [0x00000000e0000000, 0x0000000100000000)
  region size 1024K, 1 young (1024K), 1 survivors (1024K)
 Metaspace       used 4092K, committed 4288K, reserved 323584K
  class space    used 491K, committed 576K, reserved 315392K
}
Event: 2.199 GC heap before
{Heap before GC invocations=2 (full 0):
 garbage-first heap   total 262144K, used 117630K [0x00000000e0000000, 0x0000000100000000)
  region size 1024K, 104 young (106496K), 1 survivors (1024K)
 Metaspace       used 19659K, committed 19968K, reserved 339968K
  class space    used 2892K, committed 3072K, reserved 315392K
}
Event: 2.206 GC heap after
{Heap after GC invocations=3 (full 0):
 garbage-first heap   total 262144K, used 21395K [0x00000000e0000000, 0x0000000100000000)
  region size 1024K, 11 young (11264K), 11 survivors (11264K)
 Metaspace       used 19659K, committed 19968K, reserved 339968K
  class space    used 2892K, committed 3072K, reserved 315392K
}
Event: 2.406 GC heap before
{Heap before GC invocations=3 (full 0):
 garbage-first heap   total 262144K, used 49043K [0x00000000e0000000, 0x0000000100000000)
  region size 1024K, 29 young (29696K), 11 survivors (11264K)
 Metaspace       used 21200K, committed 21504K, reserved 339968K
  class space    used 3148K, committed 3328K, reserved 315392K
}
Event: 2.410 GC heap after
{Heap after GC invocations=4 (full 0):
 garbage-first heap   total 262144K, used 36618K [0x00000000e0000000, 0x0000000100000000)
  region size 1024K, 4 young (4096K), 4 survivors (4096K)
 Metaspace       used 21200K, committed 21504K, reserved 339968K
  class space    used 3148K, committed 3328K, reserved 315392K
}
Event: 3.453 GC heap before
{Heap before GC invocations=5 (full 0):
 garbage-first heap   total 262144K, used 149258K [0x00000000e0000000, 0x0000000100000000)
  region size 1024K, 111 young (113664K), 4 survivors (4096K)
 Metaspace       used 35635K, committed 36096K, reserved 348160K
  class space    used 4995K, committed 5184K, reserved 315392K
}
Event: 3.458 GC heap after
{Heap after GC invocations=6 (full 0):
 garbage-first heap   total 262144K, used 43661K [0x00000000e0000000, 0x0000000100000000)
  region size 1024K, 11 young (11264K), 11 survivors (11264K)
 Metaspace       used 35635K, committed 36096K, reserved 348160K
  class space    used 4995K, committed 5184K, reserved 315392K
}
Event: 3.466 GC heap before
{Heap before GC invocations=6 (full 0):
 garbage-first heap   total 262144K, used 44685K [0x00000000e0000000, 0x0000000100000000)
  region size 1024K, 12 young (12288K), 11 survivors (11264K)
 Metaspace       used 35734K, committed 36224K, reserved 348160K
  class space    used 5016K, committed 5248K, reserved 315392K
}
Event: 3.472 GC heap after
{Heap after GC invocations=7 (full 0):
 garbage-first heap   total 262144K, used 43837K [0x00000000e0000000, 0x0000000100000000)
  region size 1024K, 2 young (2048K), 2 survivors (2048K)
 Metaspace       used 35734K, committed 36224K, reserved 348160K
  class space    used 5016K, committed 5248K, reserved 315392K
}
Event: 3.490 GC heap before
{Heap before GC invocations=7 (full 0):
 garbage-first heap   total 262144K, used 45885K [0x00000000e0000000, 0x0000000100000000)
  region size 1024K, 5 young (5120K), 2 survivors (2048K)
 Metaspace       used 36008K, committed 36416K, reserved 348160K
  class space    used 5043K, committed 5248K, reserved 315392K
}
Event: 3.491 GC heap after
{Heap after GC invocations=8 (full 0):
 garbage-first heap   total 262144K, used 43485K [0x00000000e0000000, 0x0000000100000000)
  region size 1024K, 1 young (1024K), 1 survivors (1024K)
 Metaspace       used 36008K, committed 36416K, reserved 348160K
  class space    used 5043K, committed 5248K, reserved 315392K
}
Event: 4.052 GC heap before
{Heap before GC invocations=9 (full 0):
 garbage-first heap   total 262144K, used 187869K [0x00000000e0000000, 0x0000000100000000)
  region size 1024K, 142 young (145408K), 1 survivors (1024K)
 Metaspace       used 37355K, committed 37760K, reserved 348160K
  class space    used 5231K, committed 5440K, reserved 315392K
}
Event: 4.056 GC heap after
{Heap after GC invocations=10 (full 0):
 garbage-first heap   total 262144K, used 47408K [0x00000000e0000000, 0x0000000100000000)
  region size 1024K, 5 young (5120K), 5 survivors (5120K)
 Metaspace       used 37355K, committed 37760K, reserved 348160K
  class space    used 5231K, committed 5440K, reserved 315392K
}
Event: 5.409 GC heap before
{Heap before GC invocations=10 (full 0):
 garbage-first heap   total 262144K, used 199984K [0x00000000e0000000, 0x0000000100000000)
  region size 1024K, 150 young (153600K), 5 survivors (5120K)
 Metaspace       used 45716K, committed 46272K, reserved 356352K
  class space    used 6216K, committed 6464K, reserved 315392K
}
Event: 5.414 GC heap after
{Heap after GC invocations=11 (full 0):
 garbage-first heap   total 262144K, used 56748K [0x00000000e0000000, 0x0000000100000000)
  region size 1024K, 11 young (11264K), 11 survivors (11264K)
 Metaspace       used 45716K, committed 46272K, reserved 356352K
  class space    used 6216K, committed 6464K, reserved 315392K
}
Event: 7.654 GC heap before
{Heap before GC invocations=11 (full 0):
 garbage-first heap   total 262144K, used 176556K [0x00000000e0000000, 0x0000000100000000)
  region size 1024K, 129 young (132096K), 11 survivors (11264K)
 Metaspace       used 60722K, committed 61248K, reserved 372736K
  class space    used 8385K, committed 8640K, reserved 315392K
}
Event: 7.660 GC heap after
{Heap after GC invocations=12 (full 0):
 garbage-first heap   total 262144K, used 65739K [0x00000000e0000000, 0x0000000100000000)
  region size 1024K, 16 young (16384K), 16 survivors (16384K)
 Metaspace       used 60722K, committed 61248K, reserved 372736K
  class space    used 8385K, committed 8640K, reserved 315392K
}
Event: 8.713 GC heap before
{Heap before GC invocations=13 (full 0):
 garbage-first heap   total 262144K, used 214219K [0x00000000e0000000, 0x0000000100000000)
  region size 1024K, 151 young (154624K), 16 survivors (16384K)
 Metaspace       used 67783K, committed 68608K, reserved 380928K
  class space    used 9537K, committed 9920K, reserved 315392K
}
Event: 8.727 GC heap after
{Heap after GC invocations=14 (full 0):
 garbage-first heap   total 262144K, used 89828K [0x00000000e0000000, 0x0000000100000000)
  region size 1024K, 19 young (19456K), 19 survivors (19456K)
 Metaspace       used 67783K, committed 68608K, reserved 380928K
  class space    used 9537K, committed 9920K, reserved 315392K
}

Deoptimization events (20 events):
Event: 8.460 Thread 0x0000023700c74d30 DEOPT PACKING pc=0x0000023771e3363c sp=0x000000781a4f9140
Event: 8.460 Thread 0x0000023700c74d30 DEOPT UNPACKING pc=0x000002376a1223a3 sp=0x000000781a4f90a8 mode 2
Event: 8.697 Thread 0x0000023700c74d30 Uncommon trap: trap_request=0xffffff45 fr.pc=0x000002377209d4b8 relative=0x00000000000002d8
Event: 8.697 Thread 0x0000023700c74d30 Uncommon trap: reason=unstable_if action=reinterpret pc=0x000002377209d4b8 method=java.lang.Class.getTypeName()Ljava/lang/String; @ 23 c2
Event: 8.698 Thread 0x0000023700c74d30 DEOPT PACKING pc=0x000002377209d4b8 sp=0x000000781a4f3d60
Event: 8.698 Thread 0x0000023700c74d30 DEOPT UNPACKING pc=0x000002376a1223a3 sp=0x000000781a4f3d38 mode 2
Event: 8.706 Thread 0x0000023700c74d30 Uncommon trap: trap_request=0xffffff45 fr.pc=0x00000237721c3d8c relative=0x000000000000132c
Event: 8.706 Thread 0x0000023700c74d30 Uncommon trap: reason=unstable_if action=reinterpret pc=0x00000237721c3d8c method=org.codehaus.groovy.runtime.metaclass.MetaMethodIndex.isOverridden(Lgroovy/lang/MetaMethod;Lgroovy/lang/MetaMethod;)Z @ 59 c2
Event: 8.706 Thread 0x0000023700c74d30 DEOPT PACKING pc=0x00000237721c3d8c sp=0x000000781a4f4710
Event: 8.706 Thread 0x0000023700c74d30 DEOPT UNPACKING pc=0x000002376a1223a3 sp=0x000000781a4f4668 mode 2
Event: 8.731 Thread 0x0000023700c74d30 Uncommon trap: trap_request=0xffffff45 fr.pc=0x00000237720c44fc relative=0x000000000000195c
Event: 8.731 Thread 0x0000023700c74d30 Uncommon trap: reason=unstable_if action=reinterpret pc=0x00000237720c44fc method=java.util.TimSort.mergeLo(IIII)V @ 513 c2
Event: 8.732 Thread 0x0000023700c74d30 DEOPT PACKING pc=0x00000237720c44fc sp=0x000000781a4f40c0
Event: 8.732 Thread 0x0000023700c74d30 DEOPT UNPACKING pc=0x000002376a1223a3 sp=0x000000781a4f4090 mode 2
Event: 8.732 Thread 0x0000023700c74d30 Uncommon trap: trap_request=0xffffff45 fr.pc=0x0000023771d066a0 relative=0x0000000000001800
Event: 8.732 Thread 0x0000023700c74d30 Uncommon trap: reason=unstable_if action=reinterpret pc=0x0000023771d066a0 method=java.util.TimSort.mergeHi(IIII)V @ 568 c2
Event: 8.732 Thread 0x0000023700c74d30 DEOPT PACKING pc=0x0000023771d066a0 sp=0x000000781a4f40b0
Event: 8.732 Thread 0x0000023700c74d30 DEOPT UNPACKING pc=0x000002376a1223a3 sp=0x000000781a4f4078 mode 2
Event: 8.760 Thread 0x0000023700c74d30 DEOPT PACKING pc=0x000002376b6327ee sp=0x000000781a4f5490
Event: 8.760 Thread 0x0000023700c74d30 DEOPT UNPACKING pc=0x000002376a122b43 sp=0x000000781a4f4940 mode 0

Classes unloaded (0 events):
No events

Classes redefined (0 events):
No events

Internal exceptions (20 events):
Event: 8.696 Thread 0x0000023700c74d30 Exception <a 'java/lang/ClassNotFoundException'{0x00000000e7086a10}: java/lang/reflect/AccessibleObjectBeanInfo> (0x00000000e7086a10) 
thrown [s\open\src\hotspot\share\classfile\systemDictionary.cpp, line 256]
Event: 8.696 Thread 0x0000023700c74d30 Exception <a 'java/lang/ClassNotFoundException'{0x00000000e708dd20}: java/lang/reflect/AccessibleObjectCustomizer> (0x00000000e708dd20) 
thrown [s\open\src\hotspot\share\classfile\systemDictionary.cpp, line 256]
Event: 8.697 Thread 0x0000023700c74d30 Exception <a 'java/lang/ClassNotFoundException'{0x00000000e70a1128}: java/lang/reflect/ExecutableCustomizer> (0x00000000e70a1128) 
thrown [s\open\src\hotspot\share\classfile\systemDictionary.cpp, line 256]
Event: 8.698 Thread 0x0000023700c74d30 Exception <a 'java/lang/ClassNotFoundException'{0x00000000e70bf888}: java/lang/reflect/MethodCustomizer> (0x00000000e70bf888) 
thrown [s\open\src\hotspot\share\classfile\systemDictionary.cpp, line 256]
Event: 8.709 Thread 0x0000023700c74d30 Exception <a 'java/lang/ClassNotFoundException'{0x00000000e6d47c58}: org/codehaus/groovy/runtime/DefaultGroovyMethodsBeanInfo> (0x00000000e6d47c58) 
thrown [s\open\src\hotspot\share\classfile\systemDictionary.cpp, line 256]
Event: 8.711 Thread 0x0000023700c74d30 Exception <a 'java/lang/ClassNotFoundException'{0x00000000e6b15560}: org/codehaus/groovy/runtime/DefaultGroovyMethodsSupportBeanInfo> (0x00000000e6b15560) 
thrown [s\open\src\hotspot\share\classfile\systemDictionary.cpp, line 256]
Event: 8.712 Thread 0x0000023700c74d30 Exception <a 'java/lang/ClassNotFoundException'{0x00000000e6ae2a58}: org/codehaus/groovy/runtime/DefaultGroovyMethodsSupportCustomizer> (0x00000000e6ae2a58) 
thrown [s\open\src\hotspot\share\classfile\systemDictionary.cpp, line 256]
Event: 8.728 Thread 0x0000023700c74d30 Exception <a 'java/lang/ClassNotFoundException'{0x00000000efe322f0}: org/codehaus/groovy/runtime/DefaultGroovyMethodsCustomizer> (0x00000000efe322f0) 
thrown [s\open\src\hotspot\share\classfile\systemDictionary.cpp, line 256]
Event: 8.751 Thread 0x0000023700c74d30 Exception <a 'java/lang/ClassNotFoundException'{0x00000000ef81a620}: org/codehaus/groovy/reflection/CachedMethodBeanInfo> (0x00000000ef81a620) 
thrown [s\open\src\hotspot\share\classfile\systemDictionary.cpp, line 256]
Event: 8.752 Thread 0x0000023700c74d30 Exception <a 'java/lang/ClassNotFoundException'{0x00000000ef834a50}: groovy/lang/MetaMethodBeanInfo> (0x00000000ef834a50) 
thrown [s\open\src\hotspot\share\classfile\systemDictionary.cpp, line 256]
Event: 8.754 Thread 0x0000023700c74d30 Exception <a 'java/lang/ClassNotFoundException'{0x00000000ef7afe00}: org/codehaus/groovy/reflection/ParameterTypesBeanInfo> (0x00000000ef7afe00) 
thrown [s\open\src\hotspot\share\classfile\systemDictionary.cpp, line 256]
Event: 8.756 Thread 0x0000023700c74d30 Exception <a 'java/lang/ClassNotFoundException'{0x00000000ef52b470}: org/codehaus/groovy/reflection/ParameterTypesCustomizer> (0x00000000ef52b470) 
thrown [s\open\src\hotspot\share\classfile\systemDictionary.cpp, line 256]
Event: 8.756 Thread 0x0000023700c74d30 Exception <a 'java/lang/ClassNotFoundException'{0x00000000ef54c3a8}: groovy/lang/MetaMethodCustomizer> (0x00000000ef54c3a8) 
thrown [s\open\src\hotspot\share\classfile\systemDictionary.cpp, line 256]
Event: 8.757 Thread 0x0000023700c74d30 Exception <a 'java/lang/ClassNotFoundException'{0x00000000ef4d4970}: org/codehaus/groovy/reflection/CachedMethodCustomizer> (0x00000000ef4d4970) 
thrown [s\open\src\hotspot\share\classfile\systemDictionary.cpp, line 256]
Event: 8.761 Thread 0x0000023700c74d30 Exception <a 'java/lang/ClassNotFoundException'{0x00000000ef38c018}: org/gradle/api/internal/file/collections/DefaultConfigurableFileCollection$PathSetBeanInfo> (0x00000000ef38c018) 
thrown [s\open\src\hotspot\share\classfile\systemDictionary.cpp, line 256]
Event: 8.762 Thread 0x0000023700c74d30 Exception <a 'java/lang/ClassNotFoundException'{0x00000000ef399538}: org/gradle/api/internal/file/collections/DefaultConfigurableFileCollection$PathSetCustomizer> (0x00000000ef399538) 
thrown [s\open\src\hotspot\share\classfile\systemDictionary.cpp, line 256]
Event: 8.767 Thread 0x0000023700c74d30 Exception <a 'java/lang/ClassNotFoundException'{0x00000000ef22cc90}: org/gradle/api/tasks/bundling/Jar_DecoratedBeanInfo> (0x00000000ef22cc90) 
thrown [s\open\src\hotspot\share\classfile\systemDictionary.cpp, line 256]
Event: 8.768 Thread 0x0000023700c74d30 Exception <a 'java/lang/ClassNotFoundException'{0x00000000ef23ae30}: org/gradle/api/tasks/bundling/Jar_DecoratedCustomizer> (0x00000000ef23ae30) 
thrown [s\open\src\hotspot\share\classfile\systemDictionary.cpp, line 256]
Event: 8.772 Thread 0x0000023700c74d30 Exception <a 'java/lang/ClassNotFoundException'{0x00000000ef2ed138}: com/intellij/gradle/toolingExtension/util/GradleReflectionUtilBeanInfo> (0x00000000ef2ed138) 
thrown [s\open\src\hotspot\share\classfile\systemDictionary.cpp, line 256]
Event: 8.773 Thread 0x0000023700c74d30 Exception <a 'java/lang/ClassNotFoundException'{0x00000000ef2fad58}: com/intellij/gradle/toolingExtension/util/GradleReflectionUtilCustomizer> (0x00000000ef2fad58) 
thrown [s\open\src\hotspot\share\classfile\systemDictionary.cpp, line 256]

VM Operations (20 events):
Event: 8.014 Executing VM operation: HandshakeAllThreads
Event: 8.014 Executing VM operation: HandshakeAllThreads done
Event: 8.063 Executing VM operation: ICBufferFull
Event: 8.063 Executing VM operation: ICBufferFull done
Event: 8.082 Executing VM operation: HandshakeAllThreads
Event: 8.082 Executing VM operation: HandshakeAllThreads done
Event: 8.083 Executing VM operation: HandshakeAllThreads
Event: 8.083 Executing VM operation: HandshakeAllThreads done
Event: 8.092 Executing VM operation: HandshakeAllThreads
Event: 8.092 Executing VM operation: HandshakeAllThreads done
Event: 8.111 Executing VM operation: HandshakeAllThreads
Event: 8.111 Executing VM operation: HandshakeAllThreads done
Event: 8.135 Executing VM operation: HandshakeAllThreads
Event: 8.135 Executing VM operation: HandshakeAllThreads done
Event: 8.160 Executing VM operation: HandshakeAllThreads
Event: 8.160 Executing VM operation: HandshakeAllThreads done
Event: 8.381 Executing VM operation: ICBufferFull
Event: 8.381 Executing VM operation: ICBufferFull done
Event: 8.713 Executing VM operation: G1CollectForAllocation
Event: 8.727 Executing VM operation: G1CollectForAllocation done

Events (20 events):
Event: 8.696 loading class java/lang/reflect/AccessibleObjectCustomizer done
Event: 8.697 loading class java/lang/reflect/ExecutableCustomizer
Event: 8.697 loading class java/lang/reflect/ExecutableCustomizer done
Event: 8.697 loading class java/lang/reflect/ExecutableCustomizer
Event: 8.697 loading class java/lang/reflect/ExecutableCustomizer done
Event: 8.698 loading class java/lang/reflect/MethodCustomizer
Event: 8.698 loading class java/lang/reflect/MethodCustomizer done
Event: 8.698 loading class java/lang/reflect/MethodCustomizer
Event: 8.698 loading class java/lang/reflect/MethodCustomizer done
Event: 8.699 Thread 0x000002370144afb0 Thread added: 0x000002370144afb0
Event: 8.736 loading class sun/reflect/generics/tree/ByteSignature
Event: 8.737 loading class sun/reflect/generics/tree/ByteSignature done
Event: 8.737 loading class sun/reflect/generics/tree/CharSignature
Event: 8.737 loading class sun/reflect/generics/tree/CharSignature done
Event: 8.737 loading class sun/reflect/generics/tree/DoubleSignature
Event: 8.737 loading class sun/reflect/generics/tree/DoubleSignature done
Event: 8.738 loading class sun/reflect/generics/tree/FloatSignature
Event: 8.738 loading class sun/reflect/generics/tree/FloatSignature done
Event: 8.738 loading class sun/reflect/generics/tree/ShortSignature
Event: 8.738 loading class sun/reflect/generics/tree/ShortSignature done


Dynamic libraries:
0x00007ff6d0290000 - 0x00007ff6d02a0000 	C:\Program Files\Java\jdk-17.0.5\bin\java.exe
0x00007ff8402d0000 - 0x00007ff8404c8000 	C:\WINDOWS\SYSTEM32\ntdll.dll
0x00007ff83e320000 - 0x00007ff83e3dd000 	C:\WINDOWS\System32\KERNEL32.DLL
0x00007ff83dff0000 - 0x00007ff83e2e6000 	C:\WINDOWS\System32\KERNELBASE.dll
0x00007ff83dda0000 - 0x00007ff83dea0000 	C:\WINDOWS\System32\ucrtbase.dll
0x00007ff822400000 - 0x00007ff82241a000 	C:\Program Files\Java\jdk-17.0.5\bin\VCRUNTIME140.dll
0x00007ff822e60000 - 0x00007ff822e78000 	C:\Program Files\Java\jdk-17.0.5\bin\jli.dll
0x00007ff83e920000 - 0x00007ff83e9d3000 	C:\WINDOWS\System32\ADVAPI32.dll
0x00007ff83e880000 - 0x00007ff83e91e000 	C:\WINDOWS\System32\msvcrt.dll
0x00007ff83f270000 - 0x00007ff83f30f000 	C:\WINDOWS\System32\sechost.dll
0x00007ff83f370000 - 0x00007ff83f496000 	C:\WINDOWS\System32\RPCRT4.dll
0x00007ff83e2f0000 - 0x00007ff83e317000 	C:\WINDOWS\System32\bcrypt.dll
0x00007ff83f5d0000 - 0x00007ff83f76e000 	C:\WINDOWS\System32\USER32.dll
0x00007ff83dfc0000 - 0x00007ff83dfe2000 	C:\WINDOWS\System32\win32u.dll
0x00007ff8240d0000 - 0x00007ff82436a000 	C:\WINDOWS\WinSxS\amd64_microsoft.windows.common-controls_6595b64144ccf1df_6.0.19041.3636_none_60b6a03d71f818d5\COMCTL32.dll
0x00007ff83f200000 - 0x00007ff83f22c000 	C:\WINDOWS\System32\GDI32.dll
0x00007ff83dea0000 - 0x00007ff83dfba000 	C:\WINDOWS\System32\gdi32full.dll
0x00007ff83dae0000 - 0x00007ff83db7d000 	C:\WINDOWS\System32\msvcp_win.dll
0x00007ff830ee0000 - 0x00007ff830eea000 	C:\WINDOWS\SYSTEM32\VERSION.dll
0x00007ff83f240000 - 0x00007ff83f270000 	C:\WINDOWS\System32\IMM32.DLL
0x00007ff822710000 - 0x00007ff82271c000 	C:\Program Files\Java\jdk-17.0.5\bin\vcruntime140_1.dll
0x00007ff8216f0000 - 0x00007ff82177d000 	C:\Program Files\Java\jdk-17.0.5\bin\msvcp140.dll
0x00007fffd91b0000 - 0x00007fffd9d72000 	C:\Program Files\Java\jdk-17.0.5\bin\server\jvm.dll
0x00007ff83fb00000 - 0x00007ff83fb08000 	C:\WINDOWS\System32\PSAPI.DLL
0x00007ff828860000 - 0x00007ff828887000 	C:\WINDOWS\SYSTEM32\WINMM.dll
0x00007ff825340000 - 0x00007ff825349000 	C:\WINDOWS\SYSTEM32\WSOCK32.dll
0x00007ff83f9a0000 - 0x00007ff83fa0b000 	C:\WINDOWS\System32\WS2_32.dll
0x00007ff83c1a0000 - 0x00007ff83c1b2000 	C:\WINDOWS\SYSTEM32\kernel.appcore.dll
0x00007ff822160000 - 0x00007ff82216a000 	C:\Program Files\Java\jdk-17.0.5\bin\jimage.dll
0x00007ff83b5a0000 - 0x00007ff83b784000 	C:\WINDOWS\SYSTEM32\DBGHELP.DLL
0x00007ff826ed0000 - 0x00007ff826f04000 	C:\WINDOWS\SYSTEM32\dbgcore.DLL
0x00007ff83d9a0000 - 0x00007ff83da22000 	C:\WINDOWS\System32\bcryptPrimitives.dll
0x00007ff833120000 - 0x00007ff83312e000 	C:\Program Files\Java\jdk-17.0.5\bin\instrument.dll
0x00007ff822130000 - 0x00007ff822155000 	C:\Program Files\Java\jdk-17.0.5\bin\java.dll
0x00007ff820920000 - 0x00007ff8209f6000 	C:\Program Files\Java\jdk-17.0.5\bin\jsvml.dll
0x00007ff83fb10000 - 0x00007ff840255000 	C:\WINDOWS\System32\SHELL32.dll
0x00007ff83b9f0000 - 0x00007ff83c18b000 	C:\WINDOWS\SYSTEM32\windows.storage.dll
0x00007ff83e3e0000 - 0x00007ff83e734000 	C:\WINDOWS\System32\combase.dll
0x00007ff83d2f0000 - 0x00007ff83d31d000 	C:\WINDOWS\SYSTEM32\Wldp.dll
0x00007ff83f8f0000 - 0x00007ff83f99d000 	C:\WINDOWS\System32\SHCORE.dll
0x00007ff83f310000 - 0x00007ff83f365000 	C:\WINDOWS\System32\shlwapi.dll
0x00007ff83d8d0000 - 0x00007ff83d8f5000 	C:\WINDOWS\SYSTEM32\profapi.dll
0x00007ff820f30000 - 0x00007ff820f48000 	C:\Program Files\Java\jdk-17.0.5\bin\zip.dll
0x00007ff8220c0000 - 0x00007ff8220d9000 	C:\Program Files\Java\jdk-17.0.5\bin\net.dll
0x00007ff834dc0000 - 0x00007ff834eca000 	C:\WINDOWS\SYSTEM32\WINHTTP.dll
0x00007ff83d0d0000 - 0x00007ff83d13a000 	C:\WINDOWS\system32\mswsock.dll
0x00007ff820f50000 - 0x00007ff820f66000 	C:\Program Files\Java\jdk-17.0.5\bin\nio.dll
0x00007ff8216e0000 - 0x00007ff8216f0000 	C:\Program Files\Java\jdk-17.0.5\bin\verify.dll
0x00007ff822f20000 - 0x00007ff822f47000 	C:\Users\Georgi Shane\.gradle\native\68d5fa5c4cc2d200863cafc0d521ce42e7d3e7ee720ec0a83991735586a16f82\windows-amd64\native-platform.dll
0x00007ffffea70000 - 0x00007ffffebb4000 	C:\Users\Georgi Shane\.gradle\native\e376f236ea51e6404a007f0833ffe2c6e607c4080706a723a18a27aeea778392\windows-amd64\native-platform-file-events.dll
0x00007ff833110000 - 0x00007ff833119000 	C:\Program Files\Java\jdk-17.0.5\bin\management.dll
0x00007ff822e90000 - 0x00007ff822e9b000 	C:\Program Files\Java\jdk-17.0.5\bin\management_ext.dll
0x00007ff83d330000 - 0x00007ff83d348000 	C:\WINDOWS\SYSTEM32\CRYPTSP.dll
0x00007ff83c9b0000 - 0x00007ff83c9e4000 	C:\WINDOWS\system32\rsaenh.dll
0x00007ff83d850000 - 0x00007ff83d87e000 	C:\WINDOWS\SYSTEM32\USERENV.dll
0x00007ff83d260000 - 0x00007ff83d26c000 	C:\WINDOWS\SYSTEM32\CRYPTBASE.dll
0x00007ff83cd90000 - 0x00007ff83cdcb000 	C:\WINDOWS\SYSTEM32\IPHLPAPI.DLL
0x00007ff840260000 - 0x00007ff840268000 	C:\WINDOWS\System32\NSI.dll
0x00007ff833f80000 - 0x00007ff833f97000 	C:\WINDOWS\SYSTEM32\dhcpcsvc6.DLL
0x00007ff833b50000 - 0x00007ff833b6d000 	C:\WINDOWS\SYSTEM32\dhcpcsvc.DLL
0x00007ff83cde0000 - 0x00007ff83ceaa000 	C:\WINDOWS\SYSTEM32\DNSAPI.dll
0x00007ff822e80000 - 0x00007ff822e8e000 	C:\Program Files\Java\jdk-17.0.5\bin\sunmscapi.dll
0x00007ff83dbd0000 - 0x00007ff83dd2d000 	C:\WINDOWS\System32\CRYPT32.dll
0x00007ff83d440000 - 0x00007ff83d468000 	C:\WINDOWS\SYSTEM32\ncrypt.dll
0x00007ff83d400000 - 0x00007ff83d43b000 	C:\WINDOWS\SYSTEM32\NTASN1.dll
0x00007ff822d70000 - 0x00007ff822d77000 	C:\WINDOWS\system32\wshunix.dll
0x00007ff832e40000 - 0x00007ff832e4a000 	C:\Windows\System32\rasadhlp.dll
0x00007ff8325f0000 - 0x00007ff832670000 	C:\WINDOWS\System32\fwpuclnt.dll

dbghelp: loaded successfully - version: 4.0.5 - missing functions: none
symbol engine: initialized successfully - sym options: 0x614 - pdb path: .;C:\Program Files\Java\jdk-17.0.5\bin;C:\WINDOWS\SYSTEM32;C:\WINDOWS\WinSxS\amd64_microsoft.windows.common-controls_6595b64144ccf1df_6.0.19041.3636_none_60b6a03d71f818d5;C:\Program Files\Java\jdk-17.0.5\bin\server;C:\Users\Georgi Shane\.gradle\native\68d5fa5c4cc2d200863cafc0d521ce42e7d3e7ee720ec0a83991735586a16f82\windows-amd64;C:\Users\Georgi Shane\.gradle\native\e376f236ea51e6404a007f0833ffe2c6e607c4080706a723a18a27aeea778392\windows-amd64

VM Arguments:
jvm_args: --add-opens=java.base/java.util=ALL-UNNAMED --add-opens=java.base/java.lang=ALL-UNNAMED --add-opens=java.base/java.lang.invoke=ALL-UNNAMED --add-opens=java.prefs/java.util.prefs=ALL-UNNAMED --add-opens=java.base/java.nio.charset=ALL-UNNAMED --add-opens=java.base/java.net=ALL-UNNAMED --add-opens=java.base/java.util.concurrent.atomic=ALL-UNNAMED -XX:MaxMetaspaceSize=384m -XX:+HeapDumpOnOutOfMemoryError -Xms256m -Xmx512m -Dfile.encoding=windows-1251 -Duser.country=US -Duser.language=en -Duser.variant -javaagent:C:\Users\Georgi Shane\.gradle\wrapper\dists\gradle-8.3-bin\dxjbbhstwasg8cbags9q7cvli\gradle-8.3\lib\agents\gradle-instrumentation-agent-8.3.jar 
java_command: org.gradle.launcher.daemon.bootstrap.GradleDaemon 8.3
java_class_path (initial): C:\Users\Georgi Shane\.gradle\wrapper\dists\gradle-8.3-bin\dxjbbhstwasg8cbags9q7cvli\gradle-8.3\lib\gradle-launcher-8.3.jar
Launcher Type: SUN_STANDARD

[Global flags]
     intx CICompilerCount                          = 12                                        {product} {ergonomic}
   size_t CompressedClassSpaceSize                 = 322961408                                 {product} {ergonomic}
     uint ConcGCThreads                            = 3                                         {product} {ergonomic}
     uint G1ConcRefinementThreads                  = 13                                        {product} {ergonomic}
   size_t G1HeapRegionSize                         = 1048576                                   {product} {ergonomic}
    uintx GCDrainStackTargetSize                   = 64                                        {product} {ergonomic}
     bool HeapDumpOnOutOfMemoryError               = true                                   {manageable} {command line}
   size_t InitialHeapSize                          = 268435456                                 {product} {command line}
   size_t MarkStackSize                            = 4194304                                   {product} {ergonomic}
   size_t MaxHeapSize                              = 536870912                                 {product} {command line}
   size_t MaxMetaspaceSize                         = 402653184                                 {product} {command line}
   size_t MaxNewSize                               = 321912832                                 {product} {ergonomic}
   size_t MinHeapDeltaBytes                        = 1048576                                   {product} {ergonomic}
   size_t MinHeapSize                              = 268435456                                 {product} {command line}
    uintx NonNMethodCodeHeapSize                   = 7602480                                {pd product} {ergonomic}
    uintx NonProfiledCodeHeapSize                  = 122027880                              {pd product} {ergonomic}
    uintx ProfiledCodeHeapSize                     = 122027880                              {pd product} {ergonomic}
    uintx ReservedCodeCacheSize                    = 251658240                              {pd product} {ergonomic}
     bool SegmentedCodeCache                       = true                                      {product} {ergonomic}
   size_t SoftMaxHeapSize                          = 536870912                              {manageable} {ergonomic}
     bool UseCompressedClassPointers               = true                           {product lp64_product} {ergonomic}
     bool UseCompressedOops                        = true                           {product lp64_product} {ergonomic}
     bool UseG1GC                                  = true                                      {product} {ergonomic}
     bool UseLargePagesIndividualAllocation        = false                                  {pd product} {ergonomic}

Logging:
Log output configuration:
 #0: stdout all=warning uptime,level,tags
 #1: stderr all=off uptime,level,tags

Environment Variables:
JAVA_HOME=C:\Program Files\Java\jdk-17.0.5
PATH=C:\Program Files (x86)\Razer Chroma SDK\bin;C:\Program Files\Razer Chroma SDK\bin;C:\Program Files (x86)\Razer\ChromaBroadcast\bin;C:\Program Files\Razer\ChromaBroadcast\bin;C:\Program Files\Common Files\Oracle\Java\javapath;C:\WINDOWS\system32;C:\WINDOWS;C:\WINDOWS\System32\Wbem;C:\WINDOWS\System32\WindowsPowerShell\v1.0\;C:\WINDOWS\System32\OpenSSH\;C:\Program Files\NVIDIA Corporation\NVIDIA NvDLISR;C:\Program Files (x86)\NVIDIA Corporation\PhysX\Common;C:\Program Files\Git\cmd;C:\Program Files\Solidigm\Solidigm(TM) Storage Tool\;C:\Program Files\dotnet\;C:\WINDOWS\system32;C:\WINDOWS;C:\WINDOWS\System32\Wbem;C:\WINDOWS\System32\WindowsPowerShell\v1.0\;C:\WINDOWS\System32\OpenSSH\;C:\Program Files\Java\jdk-17.0.5\bin;;C:\Program Files\Intel\Intel(R) Memory and Storage Tool\;C:\WINDOWS\system32\config\systemprofile\AppData\Local\Microsoft\WindowsApps;"C:\Users\Georgi Shane\AppData\Local\JetBrains\Toolbox\bin\jre\bin;";C:\Users\Georgi Shane\AppData\Local\Microsoft\WindowsApps;C:\Users\Georgi Shane\AppData\Local\GitHubDesktop\bin;C:\Users\Georgi Shane\AppData\Local\JetBrains\Toolbox\scripts;C:\Users\Georgi Shane\AppData\Local\Microsoft\WindowsApps;C:\Program Files\Azure Data Studio\bin;C:\Program Files\Docker\Docker\resources\bin;
USERNAME=Georgi Shane
OS=Windows_NT
PROCESSOR_IDENTIFIER=Intel64 Family 6 Model 165 Stepping 2, GenuineIntel



---------------  S Y S T E M  ---------------

OS:
 Windows 10 , 64 bit Build 19041 (10.0.19041.3636)
OS uptime: 0 days 6:01 hours
Hyper-V role detected

CPU: total 16 (initial active 16) (8 cores per cpu, 2 threads per core) family 6 model 165 stepping 2 microcode 0xc8, cx8, cmov, fxsr, ht, mmx, 3dnowpref, sse, sse2, sse3, ssse3, sse4.1, sse4.2, popcnt, lzcnt, tsc, tscinvbit, avx, avx2, aes, erms, clmul, bmi1, bmi2, adx, fma, vzeroupper, clflush, clflushopt, hv

Memory: 4k page, system-wide physical 16168M (2852M free)
TotalPageFile size 16168M (AvailPageFile size 13M)
current process WorkingSet (physical memory assigned to process): 517M, peak: 528M
current process commit charge ("private bytes"): 596M, peak: 604M

vm_info: Java HotSpot(TM) 64-Bit Server VM (17.0.5+9-LTS-191) for windows-amd64 JRE (17.0.5+9-LTS-191), built on Sep 13 2022 17:31:43 by "mach5one" with MS VC++ 16.8 / 16.9 (VS2019)

END.
