#
# There is insufficient memory for the Java Runtime Environment to continue.
# Native memory allocation (malloc) failed to allocate 1048576 bytes for AllocateHeap
# Possible reasons:
#   The system is out of physical RAM or swap space
#   The process is running with CompressedOops enabled, and the Java Heap may be blocking the growth of the native heap
# Possible solutions:
#   Reduce memory load on the system
#   Increase physical memory or swap space
#   Check if swap backing store is full
#   Decrease Java heap size (-Xmx/-Xms)
#   Decrease number of Java threads
#   Decrease Java thread stack sizes (-Xss)
#   Set larger code cache with -XX:ReservedCodeCacheSize=
#   JVM is running with Unscaled Compressed Oops mode in which the Java heap is
#     placed in the first 4GB address space. The Java Heap base address is the
#     maximum limit for the native heap growth. Please use -XX:HeapBaseMinAddress
#     to set the Java Heap base and to place the Java Heap above 4GB virtual address.
# This output file may be truncated or incomplete.
#
#  Out of Memory Error (allocation.cpp:44), pid=14912, tid=12704
#
# JRE version:  (17.0.9+7) (build )
# Java VM: OpenJDK 64-Bit Server VM (17.0.9+7-b1087.9, mixed mode, sharing, tiered, compressed oops, compressed class ptrs, g1 gc, windows-amd64)
# No core dump will be written. Minidumps are not enabled by default on client versions of Windows
#

---------------  S U M M A R Y ------------

Command Line: -Djava.rmi.server.hostname=127.0.0.1 -Duser.timezone=UTC -Xmx2048m -Xms128m -Djdbc.classpath=C:\Users\Georgi Shane\AppData\Local\Programs\IntelliJ IDEA Ultimate\plugins\DatabaseTools\lib\jdbc-console.jar;C:\Users\Georgi Shane\AppData\Roaming\JetBrains\IntelliJIdea2023.3\jdbc-drivers\MariaDB Connector J\3.0.7\org\mariadb\jdbc\mariadb-java-client\3.0.7\mariadb-java-client-3.0.7.jar --add-exports=java.desktop/sun.awt=ALL-UNNAMED --add-exports=java.desktop/java.awt.peer=ALL-UNNAMED --add-opens=java.desktop/java.awt=ALL-UNNAMED --add-opens=jdk.unsupported/sun.misc=ALL-UNNAMED --add-opens=java.base/java.nio=ALL-UNNAMED --add-opens=java.base/java.util=ALL-UNNAMED -Dfile.encoding=UTF-8 com.intellij.database.remote.RemoteJdbcServer org.mariadb.jdbc.Driver

Host: Intel(R) Core(TM) i7-10870H CPU @ 2.20GHz, 16 cores, 15G,  Windows 10 , 64 bit Build 19041 (10.0.19041.3636)
Time: Fri Jan 12 17:03:02 2024 GTB Standard Time elapsed time: 0.011214 seconds (0d 0h 0m 0s)

---------------  T H R E A D  ---------------

Current thread (0x000002390f8c9c30):  JavaThread "Unknown thread" [_thread_in_vm, id=12704, stack(0x00000050be900000,0x00000050bea00000)]

Stack: [0x00000050be900000,0x00000050bea00000]
Native frames: (J=compiled Java code, j=interpreted, Vv=VM code, C=native code)
V  [jvm.dll+0x688349]
V  [jvm.dll+0x841bfa]
V  [jvm.dll+0x84383e]
V  [jvm.dll+0x843ea3]
V  [jvm.dll+0x24bdef]
V  [jvm.dll+0xa6b5b]
V  [jvm.dll+0x2ebc77]
V  [jvm.dll+0x2e390b]
V  [jvm.dll+0x812771]
V  [jvm.dll+0x371d41]
V  [jvm.dll+0x7f12bc]
V  [jvm.dll+0x3f59cf]
V  [jvm.dll+0x3f7601]
C  [jli.dll+0x528f]
C  [ucrtbase.dll+0x21bb2]
C  [KERNEL32.DLL+0x17344]
C  [ntdll.dll+0x526b1]


---------------  P R O C E S S  ---------------

Threads class SMR info:
_java_thread_list=0x00007ffaa9e1df18, length=0, elements={
}

Java Threads: ( => current thread )

Other Threads:
  0x000002390f9276d0 GCTaskThread "GC Thread#0" [stack: 0x00000050bea00000,0x00000050beb00000] [id=12332]

[error occurred during error reporting (printing all threads), id 0xc0000005, EXCEPTION_ACCESS_VIOLATION (0xc0000005) at pc=0x00007ffaa95d0bc0]

VM state: not at safepoint (not fully initialized)

VM Mutex/Monitor currently owned by a thread:  ([mutex/lock_event])
[0x000002390f8c4a20] Heap_lock - owner thread: 0x000002390f8c9c30

Heap address: 0x0000000080000000, size: 2048 MB, Compressed Oops mode: 32-bit

CDS archive(s) mapped at: [0x0000000000000000-0x0000000000000000-0x0000000000000000), size 0, SharedBaseAddress: 0x0000000800000000, ArchiveRelocationMode: 1.
Narrow klass base: 0x0000000000000000, Narrow klass shift: 0, Narrow klass range: 0x0

GC Precious Log:
<Empty>

Heap:
 garbage-first heap   total 0K, used 0K [0x0000000080000000, 0x0000000100000000)
  region size 1024K, 0 young (0K), 0 survivors (0K)
 Metaspace       used 0K, committed 0K, reserved 0K
  class space    used 0K, committed 0K, reserved 0K

Heap Regions: E=young(eden), S=young(survivor), O=old, HS=humongous(starts), HC=humongous(continues), CS=collection set, F=free, OA=open archive, CA=closed archive, TAMS=top-at-mark-start (previous, next)

Card table byte_map: [0x0000023924bf0000,0x0000023924ff0000] _byte_map_base: 0x00000239247f0000

GC Heap History (0 events):
No events

Dll operation events (1 events):
Event: 0.006 Loaded shared library C:\Users\Georgi Shane\AppData\Local\Programs\IntelliJ IDEA Ultimate\jbr\bin\java.dll

Deoptimization events (0 events):
No events

Classes unloaded (0 events):
No events

Classes redefined (0 events):
No events

Internal exceptions (0 events):
No events

VM Operations (0 events):
No events

Events (0 events):
No events


Dynamic libraries:
0x00007ff65deb0000 - 0x00007ff65deba000 	C:\Users\Georgi Shane\AppData\Local\Programs\IntelliJ IDEA Ultimate\jbr\bin\java.exe
0x00007ffb03b30000 - 0x00007ffb03d28000 	C:\WINDOWS\SYSTEM32\ntdll.dll
0x00007ffb036d0000 - 0x00007ffb0378d000 	C:\WINDOWS\System32\KERNEL32.DLL
0x00007ffb013d0000 - 0x00007ffb016c6000 	C:\WINDOWS\System32\KERNELBASE.dll
0x00007ffb017c0000 - 0x00007ffb018c0000 	C:\WINDOWS\System32\ucrtbase.dll
0x00007ffaec830000 - 0x00007ffaec84b000 	C:\Users\Georgi Shane\AppData\Local\Programs\IntelliJ IDEA Ultimate\jbr\bin\VCRUNTIME140.dll
0x00007ffad3480000 - 0x00007ffad3497000 	C:\Users\Georgi Shane\AppData\Local\Programs\IntelliJ IDEA Ultimate\jbr\bin\jli.dll
0x00007ffb029f0000 - 0x00007ffb02b8e000 	C:\WINDOWS\System32\USER32.dll
0x00007ffb013a0000 - 0x00007ffb013c2000 	C:\WINDOWS\System32\win32u.dll
0x00007ffae9900000 - 0x00007ffae9b9a000 	C:\WINDOWS\WinSxS\amd64_microsoft.windows.common-controls_6595b64144ccf1df_6.0.19041.3636_none_60b6a03d71f818d5\COMCTL32.dll
0x00007ffb02bf0000 - 0x00007ffb02c8e000 	C:\WINDOWS\System32\msvcrt.dll
0x00007ffb02ca0000 - 0x00007ffb02ccc000 	C:\WINDOWS\System32\GDI32.dll
0x00007ffb01210000 - 0x00007ffb0132a000 	C:\WINDOWS\System32\gdi32full.dll
0x00007ffb01720000 - 0x00007ffb017bd000 	C:\WINDOWS\System32\msvcp_win.dll
0x00007ffb02540000 - 0x00007ffb02570000 	C:\WINDOWS\System32\IMM32.DLL
0x00007ffaec820000 - 0x00007ffaec82c000 	C:\Users\Georgi Shane\AppData\Local\Programs\IntelliJ IDEA Ultimate\jbr\bin\vcruntime140_1.dll
0x00007ffac21b0000 - 0x00007ffac223d000 	C:\Users\Georgi Shane\AppData\Local\Programs\IntelliJ IDEA Ultimate\jbr\bin\msvcp140.dll
0x00007ffaa92e0000 - 0x00007ffaa9f62000 	C:\Users\Georgi Shane\AppData\Local\Programs\IntelliJ IDEA Ultimate\jbr\bin\server\jvm.dll
0x00007ffb02d50000 - 0x00007ffb02dff000 	C:\WINDOWS\System32\ADVAPI32.dll
0x00007ffb03850000 - 0x00007ffb038ec000 	C:\WINDOWS\System32\sechost.dll
0x00007ffb038f0000 - 0x00007ffb03a16000 	C:\WINDOWS\System32\RPCRT4.dll
0x00007ffb00780000 - 0x00007ffb007cb000 	C:\WINDOWS\SYSTEM32\POWRPROF.dll
0x00007ffaee680000 - 0x00007ffaee689000 	C:\WINDOWS\SYSTEM32\WSOCK32.dll
0x00007ffaeb760000 - 0x00007ffaeb787000 	C:\WINDOWS\SYSTEM32\WINMM.dll
0x00007ffaf44f0000 - 0x00007ffaf44fa000 	C:\WINDOWS\SYSTEM32\VERSION.dll
0x00007ffb024d0000 - 0x00007ffb0253b000 	C:\WINDOWS\System32\WS2_32.dll
0x00007ffb005f0000 - 0x00007ffb00602000 	C:\WINDOWS\SYSTEM32\UMPDC.dll
0x00007ffaffa20000 - 0x00007ffaffa32000 	C:\WINDOWS\SYSTEM32\kernel.appcore.dll
0x00007ffaecec0000 - 0x00007ffaececa000 	C:\Users\Georgi Shane\AppData\Local\Programs\IntelliJ IDEA Ultimate\jbr\bin\jimage.dll
0x00007ffafee20000 - 0x00007ffaff004000 	C:\WINDOWS\SYSTEM32\DBGHELP.DLL
0x00007ffaf36c0000 - 0x00007ffaf36f4000 	C:\WINDOWS\SYSTEM32\dbgcore.DLL
0x00007ffb019a0000 - 0x00007ffb01a22000 	C:\WINDOWS\System32\bcryptPrimitives.dll
0x00007ffae7d20000 - 0x00007ffae7d45000 	C:\Users\Georgi Shane\AppData\Local\Programs\IntelliJ IDEA Ultimate\jbr\bin\java.dll

dbghelp: loaded successfully - version: 4.0.5 - missing functions: none
symbol engine: initialized successfully - sym options: 0x614 - pdb path: .;C:\Users\Georgi Shane\AppData\Local\Programs\IntelliJ IDEA Ultimate\jbr\bin;C:\WINDOWS\SYSTEM32;C:\WINDOWS\WinSxS\amd64_microsoft.windows.common-controls_6595b64144ccf1df_6.0.19041.3636_none_60b6a03d71f818d5;C:\Users\Georgi Shane\AppData\Local\Programs\IntelliJ IDEA Ultimate\jbr\bin\server

VM Arguments:
jvm_args: -Djava.rmi.server.hostname=127.0.0.1 -Duser.timezone=UTC -Xmx2048m -Xms128m -Djdbc.classpath=C:\Users\Georgi Shane\AppData\Local\Programs\IntelliJ IDEA Ultimate\plugins\DatabaseTools\lib\jdbc-console.jar;C:\Users\Georgi Shane\AppData\Roaming\JetBrains\IntelliJIdea2023.3\jdbc-drivers\MariaDB Connector J\3.0.7\org\mariadb\jdbc\mariadb-java-client\3.0.7\mariadb-java-client-3.0.7.jar --add-exports=java.desktop/sun.awt=ALL-UNNAMED --add-exports=java.desktop/java.awt.peer=ALL-UNNAMED --add-opens=java.desktop/java.awt=ALL-UNNAMED --add-opens=jdk.unsupported/sun.misc=ALL-UNNAMED --add-opens=java.base/java.nio=ALL-UNNAMED --add-opens=java.base/java.util=ALL-UNNAMED -Dfile.encoding=UTF-8 
java_command: com.intellij.database.remote.RemoteJdbcServer org.mariadb.jdbc.Driver
java_class_path (initial): C:\Users\Georgi Shane\AppData\Local\Programs\IntelliJ IDEA Ultimate\lib\util_rt.jar;C:\Users\Georgi Shane\AppData\Local\Programs\IntelliJ IDEA Ultimate\lib\util-8.jar;C:\Users\Georgi Shane\AppData\Local\Programs\IntelliJ IDEA Ultimate\lib\groovy.jar;C:\Users\Georgi Shane\AppData\Local\Programs\IntelliJ IDEA Ultimate\plugins\DatabaseTools\lib\jdbc-console.jar;C:\Users\Georgi Shane\AppData\Local\Programs\IntelliJ IDEA Ultimate\plugins\grid-core-impl\lib\jdbc-console-types.jar;C:\Users\Georgi Shane\AppData\Local\Programs\IntelliJ IDEA Ultimate\lib\util.jar
Launcher Type: SUN_STANDARD

[Global flags]
     intx CICompilerCount                          = 12                                        {product} {ergonomic}
     uint ConcGCThreads                            = 3                                         {product} {ergonomic}
     uint G1ConcRefinementThreads                  = 13                                        {product} {ergonomic}
   size_t G1HeapRegionSize                         = 1048576                                   {product} {ergonomic}
    uintx GCDrainStackTargetSize                   = 64                                        {product} {ergonomic}
   size_t InitialHeapSize                          = 134217728                                 {product} {command line}
   size_t MarkStackSize                            = 4194304                                   {product} {ergonomic}
   size_t MaxHeapSize                              = 2147483648                                {product} {command line}
   size_t MinHeapDeltaBytes                        = 1048576                                   {product} {ergonomic}
   size_t MinHeapSize                              = 134217728                                 {product} {command line}
    uintx NonNMethodCodeHeapSize                   = 7602480                                {pd product} {ergonomic}
    uintx NonProfiledCodeHeapSize                  = 122027880                              {pd product} {ergonomic}
    uintx ProfiledCodeHeapSize                     = 122027880                              {pd product} {ergonomic}
    uintx ReservedCodeCacheSize                    = 251658240                              {pd product} {ergonomic}
     bool SegmentedCodeCache                       = true                                      {product} {ergonomic}
   size_t SoftMaxHeapSize                          = 2147483648                             {manageable} {ergonomic}
     bool UseCompressedClassPointers               = true                           {product lp64_product} {ergonomic}
     bool UseCompressedOops                        = true                           {product lp64_product} {ergonomic}
     bool UseG1GC                                  = true                                      {product} {ergonomic}
     bool UseLargePagesIndividualAllocation        = false                                  {pd product} {ergonomic}

Logging:
Log output configuration:
 #0: stdout all=warning uptime,level,tags
 #1: stderr all=off uptime,level,tags

Environment Variables:
JAVA_HOME=C:\Program Files\Java\jdk-17.0.5
PATH=C:\Program Files (x86)\Razer Chroma SDK\bin;C:\Program Files\Razer Chroma SDK\bin;C:\Program Files (x86)\Razer\ChromaBroadcast\bin;C:\Program Files\Razer\ChromaBroadcast\bin;C:\Program Files\Common Files\Oracle\Java\javapath;C:\WINDOWS\system32;C:\WINDOWS;C:\WINDOWS\System32\Wbem;C:\WINDOWS\System32\WindowsPowerShell\v1.0\;C:\WINDOWS\System32\OpenSSH\;C:\Program Files\NVIDIA Corporation\NVIDIA NvDLISR;C:\Program Files (x86)\NVIDIA Corporation\PhysX\Common;C:\Program Files\Git\cmd;C:\Program Files\Solidigm\Solidigm(TM) Storage Tool\;C:\Program Files\dotnet\;C:\WINDOWS\system32;C:\WINDOWS;C:\WINDOWS\System32\Wbem;C:\WINDOWS\System32\WindowsPowerShell\v1.0\;C:\WINDOWS\System32\OpenSSH\;C:\Program Files\Java\jdk-17.0.5\bin;;C:\Program Files\Intel\Intel(R) Memory and Storage Tool\;C:\WINDOWS\system32\config\systemprofile\AppData\Local\Microsoft\WindowsApps;"C:\Users\Georgi Shane\AppData\Local\JetBrains\Toolbox\bin\jre\bin;";C:\Users\Georgi Shane\AppData\Local\Microsoft\WindowsApps;C:\Users\Georgi Shane\AppData\Local\GitHubDesktop\bin;C:\Users\Georgi Shane\AppData\Local\JetBrains\Toolbox\scripts;C:\Users\Georgi Shane\AppData\Local\Microsoft\WindowsApps;C:\Program Files\Azure Data Studio\bin;C:\Program Files\Docker\Docker\resources\bin;
USERNAME=Georgi Shane
OS=Windows_NT
PROCESSOR_IDENTIFIER=Intel64 Family 6 Model 165 Stepping 2, GenuineIntel
TMP=C:\Users\GEORGI~1\AppData\Local\Temp
TEMP=C:\Users\GEORGI~1\AppData\Local\Temp



Periodic native trim disabled

JNI global refs:
JNI global refs: 0, weak refs: 0

JNI global refs memory usage: 0, weak refs: 0

OOME stack traces (most recent first):
Classloader memory used:


---------------  S Y S T E M  ---------------

OS:
 Windows 10 , 64 bit Build 19041 (10.0.19041.3636)
OS uptime: 0 days 1:34 hours
Hyper-V role detected

CPU: total 16 (initial active 16) (8 cores per cpu, 2 threads per core) family 6 model 165 stepping 2 microcode 0xc8, cx8, cmov, fxsr, ht, mmx, 3dnowpref, sse, sse2, sse3, ssse3, sse4.1, sse4.2, popcnt, lzcnt, tsc, tscinvbit, avx, avx2, aes, erms, clmul, bmi1, bmi2, adx, fma, vzeroupper, clflush, clflushopt, hv
Processor Information for all 16 processors :
  Max Mhz: 2208, Current Mhz: 2208, Mhz Limit: 2208

Memory: 4k page, system-wide physical 16168M (2744M free)
TotalPageFile size 16168M (AvailPageFile size 5M)
current process WorkingSet (physical memory assigned to process): 10M, peak: 10M
current process commit charge ("private bytes"): 58M, peak: 59M

vm_info: OpenJDK 64-Bit Server VM (17.0.9+7-b1087.9) for windows-amd64 JRE (17.0.9+7-b1087.9), built on 2023-12-05 by "builduser" with MS VC++ 16.10 / 16.11 (VS2019)

END.
